Performing C SOURCE FILE Test CMAKE_HAVE_LIBC_PTHREAD failed with the following output:
Change Dir: /disk1/plk/flashlight/flashlight/lib/sequence/criterion/cpu/myviterbi/CMakeFiles/CMakeTmp

Run Build Command(s):/usr/bin/make cmTC_c677a/fast && /usr/bin/make -f CMakeFiles/cmTC_c677a.dir/build.make CMakeFiles/cmTC_c677a.dir/build
make[1]: Entering directory '/disk1/plk/flashlight/flashlight/lib/sequence/criterion/cpu/myviterbi/CMakeFiles/CMakeTmp'
Building C object CMakeFiles/cmTC_c677a.dir/src.c.o
/usr/bin/cc   -DCMAKE_HAVE_LIBC_PTHREAD   -o CMakeFiles/cmTC_c677a.dir/src.c.o   -c /disk1/plk/flashlight/flashlight/lib/sequence/criterion/cpu/myviterbi/CMakeFiles/CMakeTmp/src.c
Linking C executable cmTC_c677a
/usr/bin/cmake -E cmake_link_script CMakeFiles/cmTC_c677a.dir/link.txt --verbose=1
/usr/bin/cc  -DCMAKE_HAVE_LIBC_PTHREAD    -rdynamic CMakeFiles/cmTC_c677a.dir/src.c.o  -o cmTC_c677a 
/usr/bin/ld: CMakeFiles/cmTC_c677a.dir/src.c.o: in function `main':
src.c:(.text+0x46): undefined reference to `pthread_create'
/usr/bin/ld: src.c:(.text+0x52): undefined reference to `pthread_detach'
/usr/bin/ld: src.c:(.text+0x63): undefined reference to `pthread_join'
collect2: error: ld returned 1 exit status
make[1]: *** [CMakeFiles/cmTC_c677a.dir/build.make:87: cmTC_c677a] Error 1
make[1]: Leaving directory '/disk1/plk/flashlight/flashlight/lib/sequence/criterion/cpu/myviterbi/CMakeFiles/CMakeTmp'
make: *** [Makefile:121: cmTC_c677a/fast] Error 2


Source file was:
#include <pthread.h>

void* test_func(void* data)
{
  return data;
}

int main(void)
{
  pthread_t thread;
  pthread_create(&thread, NULL, test_func, NULL);
  pthread_detach(thread);
  pthread_join(thread, NULL);
  pthread_atfork(NULL, NULL, NULL);
  pthread_exit(NULL);

  return 0;
}

Determining if the function pthread_create exists in the pthreads failed with the following output:
Change Dir: /disk1/plk/flashlight/flashlight/lib/sequence/criterion/cpu/myviterbi/CMakeFiles/CMakeTmp

Run Build Command(s):/usr/bin/make cmTC_7b951/fast && /usr/bin/make -f CMakeFiles/cmTC_7b951.dir/build.make CMakeFiles/cmTC_7b951.dir/build
make[1]: Entering directory '/disk1/plk/flashlight/flashlight/lib/sequence/criterion/cpu/myviterbi/CMakeFiles/CMakeTmp'
Building C object CMakeFiles/cmTC_7b951.dir/CheckFunctionExists.c.o
/usr/bin/cc   -DCHECK_FUNCTION_EXISTS=pthread_create   -o CMakeFiles/cmTC_7b951.dir/CheckFunctionExists.c.o   -c /usr/share/cmake-3.16/Modules/CheckFunctionExists.c
Linking C executable cmTC_7b951
/usr/bin/cmake -E cmake_link_script CMakeFiles/cmTC_7b951.dir/link.txt --verbose=1
/usr/bin/cc  -DCHECK_FUNCTION_EXISTS=pthread_create    -rdynamic CMakeFiles/cmTC_7b951.dir/CheckFunctionExists.c.o  -o cmTC_7b951  -lpthreads 
/usr/bin/ld: cannot find -lpthreads
collect2: error: ld returned 1 exit status
make[1]: *** [CMakeFiles/cmTC_7b951.dir/build.make:87: cmTC_7b951] Error 1
make[1]: Leaving directory '/disk1/plk/flashlight/flashlight/lib/sequence/criterion/cpu/myviterbi/CMakeFiles/CMakeTmp'
make: *** [Makefile:121: cmTC_7b951/fast] Error 2



Performing C SOURCE FILE Test CMAKE_HAVE_LIBC_PTHREAD failed with the following output:
Change Dir: /disk1/plk/flashlight/flashlight/lib/sequence/criterion/cpu/myviterbi/CMakeFiles/CMakeTmp

Run Build Command(s):/usr/bin/make cmTC_e032e/fast && /usr/bin/make -f CMakeFiles/cmTC_e032e.dir/build.make CMakeFiles/cmTC_e032e.dir/build
make[1]: Entering directory '/disk1/plk/flashlight/flashlight/lib/sequence/criterion/cpu/myviterbi/CMakeFiles/CMakeTmp'
Building C object CMakeFiles/cmTC_e032e.dir/src.c.o
/usr/bin/cc   -DCMAKE_HAVE_LIBC_PTHREAD   -o CMakeFiles/cmTC_e032e.dir/src.c.o   -c /disk1/plk/flashlight/flashlight/lib/sequence/criterion/cpu/myviterbi/CMakeFiles/CMakeTmp/src.c
Linking C executable cmTC_e032e
/usr/bin/cmake -E cmake_link_script CMakeFiles/cmTC_e032e.dir/link.txt --verbose=1
/usr/bin/cc  -DCMAKE_HAVE_LIBC_PTHREAD    -rdynamic CMakeFiles/cmTC_e032e.dir/src.c.o  -o cmTC_e032e 
/usr/bin/ld: CMakeFiles/cmTC_e032e.dir/src.c.o: in function `main':
src.c:(.text+0x46): undefined reference to `pthread_create'
/usr/bin/ld: src.c:(.text+0x52): undefined reference to `pthread_detach'
/usr/bin/ld: src.c:(.text+0x63): undefined reference to `pthread_join'
collect2: error: ld returned 1 exit status
make[1]: *** [CMakeFiles/cmTC_e032e.dir/build.make:87: cmTC_e032e] Error 1
make[1]: Leaving directory '/disk1/plk/flashlight/flashlight/lib/sequence/criterion/cpu/myviterbi/CMakeFiles/CMakeTmp'
make: *** [Makefile:121: cmTC_e032e/fast] Error 2


Source file was:
#include <pthread.h>

void* test_func(void* data)
{
  return data;
}

int main(void)
{
  pthread_t thread;
  pthread_create(&thread, NULL, test_func, NULL);
  pthread_detach(thread);
  pthread_join(thread, NULL);
  pthread_atfork(NULL, NULL, NULL);
  pthread_exit(NULL);

  return 0;
}

Determining if the function pthread_create exists in the pthreads failed with the following output:
Change Dir: /disk1/plk/flashlight/flashlight/lib/sequence/criterion/cpu/myviterbi/CMakeFiles/CMakeTmp

Run Build Command(s):/usr/bin/make cmTC_12427/fast && /usr/bin/make -f CMakeFiles/cmTC_12427.dir/build.make CMakeFiles/cmTC_12427.dir/build
make[1]: Entering directory '/disk1/plk/flashlight/flashlight/lib/sequence/criterion/cpu/myviterbi/CMakeFiles/CMakeTmp'
Building C object CMakeFiles/cmTC_12427.dir/CheckFunctionExists.c.o
/usr/bin/cc   -DCHECK_FUNCTION_EXISTS=pthread_create   -o CMakeFiles/cmTC_12427.dir/CheckFunctionExists.c.o   -c /usr/share/cmake-3.16/Modules/CheckFunctionExists.c
Linking C executable cmTC_12427
/usr/bin/cmake -E cmake_link_script CMakeFiles/cmTC_12427.dir/link.txt --verbose=1
/usr/bin/cc  -DCHECK_FUNCTION_EXISTS=pthread_create    -rdynamic CMakeFiles/cmTC_12427.dir/CheckFunctionExists.c.o  -o cmTC_12427  -lpthreads 
/usr/bin/ld: cannot find -lpthreads
collect2: error: ld returned 1 exit status
make[1]: *** [CMakeFiles/cmTC_12427.dir/build.make:87: cmTC_12427] Error 1
make[1]: Leaving directory '/disk1/plk/flashlight/flashlight/lib/sequence/criterion/cpu/myviterbi/CMakeFiles/CMakeTmp'
make: *** [Makefile:121: cmTC_12427/fast] Error 2



Determining if the include file libunwind.h exists failed with the following output:
Change Dir: /disk1/plk/flashlight/flashlight/lib/sequence/criterion/cpu/myviterbi/CMakeFiles/CMakeTmp

Run Build Command(s):/usr/bin/make cmTC_96383/fast && /usr/bin/make -f CMakeFiles/cmTC_96383.dir/build.make CMakeFiles/cmTC_96383.dir/build
make[1]: Entering directory '/disk1/plk/flashlight/flashlight/lib/sequence/criterion/cpu/myviterbi/CMakeFiles/CMakeTmp'
Building C object CMakeFiles/cmTC_96383.dir/CheckIncludeFile.c.o
/usr/bin/cc    -o CMakeFiles/cmTC_96383.dir/CheckIncludeFile.c.o   -c /disk1/plk/flashlight/flashlight/lib/sequence/criterion/cpu/myviterbi/CMakeFiles/CMakeTmp/CheckIncludeFile.c
/disk1/plk/flashlight/flashlight/lib/sequence/criterion/cpu/myviterbi/CMakeFiles/CMakeTmp/CheckIncludeFile.c:1:10: fatal error: libunwind.h: No such file or directory
    1 | #include <libunwind.h>
      |          ^~~~~~~~~~~~~
compilation terminated.
make[1]: *** [CMakeFiles/cmTC_96383.dir/build.make:66: CMakeFiles/cmTC_96383.dir/CheckIncludeFile.c.o] Error 1
make[1]: Leaving directory '/disk1/plk/flashlight/flashlight/lib/sequence/criterion/cpu/myviterbi/CMakeFiles/CMakeTmp'
make: *** [Makefile:121: cmTC_96383/fast] Error 2



Determining size of unsigned __int16 failed with the following output:
Change Dir: /disk1/plk/flashlight/flashlight/lib/sequence/criterion/cpu/myviterbi/CMakeFiles/CMakeTmp

Run Build Command(s):/usr/bin/make cmTC_9583b/fast && /usr/bin/make -f CMakeFiles/cmTC_9583b.dir/build.make CMakeFiles/cmTC_9583b.dir/build
make[1]: Entering directory '/disk1/plk/flashlight/flashlight/lib/sequence/criterion/cpu/myviterbi/CMakeFiles/CMakeTmp'
Building C object CMakeFiles/cmTC_9583b.dir/HAVE___UINT16.c.o
/usr/bin/cc    -o CMakeFiles/cmTC_9583b.dir/HAVE___UINT16.c.o   -c /disk1/plk/flashlight/flashlight/lib/sequence/criterion/cpu/myviterbi/CMakeFiles/CheckTypeSize/HAVE___UINT16.c
/disk1/plk/flashlight/flashlight/lib/sequence/criterion/cpu/myviterbi/CMakeFiles/CheckTypeSize/HAVE___UINT16.c:23:31: error: expected ‘)’ before ‘__int16’
   23 | #define SIZE (sizeof(unsigned __int16))
      |                     ~         ^~~~~~~
/disk1/plk/flashlight/flashlight/lib/sequence/criterion/cpu/myviterbi/CMakeFiles/CheckTypeSize/HAVE___UINT16.c:25:12: note: in expansion of macro ‘SIZE’
   25 |   ('0' + ((SIZE / 10000)%10)),
      |            ^~~~
/disk1/plk/flashlight/flashlight/lib/sequence/criterion/cpu/myviterbi/CMakeFiles/CheckTypeSize/HAVE___UINT16.c:23:31: error: expected ‘)’ before ‘__int16’
   23 | #define SIZE (sizeof(unsigned __int16))
      |                     ~         ^~~~~~~
/disk1/plk/flashlight/flashlight/lib/sequence/criterion/cpu/myviterbi/CMakeFiles/CheckTypeSize/HAVE___UINT16.c:26:12: note: in expansion of macro ‘SIZE’
   26 |   ('0' + ((SIZE / 1000)%10)),
      |            ^~~~
/disk1/plk/flashlight/flashlight/lib/sequence/criterion/cpu/myviterbi/CMakeFiles/CheckTypeSize/HAVE___UINT16.c:23:31: error: expected ‘)’ before ‘__int16’
   23 | #define SIZE (sizeof(unsigned __int16))
      |                     ~         ^~~~~~~
/disk1/plk/flashlight/flashlight/lib/sequence/criterion/cpu/myviterbi/CMakeFiles/CheckTypeSize/HAVE___UINT16.c:27:12: note: in expansion of macro ‘SIZE’
   27 |   ('0' + ((SIZE / 100)%10)),
      |            ^~~~
/disk1/plk/flashlight/flashlight/lib/sequence/criterion/cpu/myviterbi/CMakeFiles/CheckTypeSize/HAVE___UINT16.c:23:31: error: expected ‘)’ before ‘__int16’
   23 | #define SIZE (sizeof(unsigned __int16))
      |                     ~         ^~~~~~~
/disk1/plk/flashlight/flashlight/lib/sequence/criterion/cpu/myviterbi/CMakeFiles/CheckTypeSize/HAVE___UINT16.c:28:12: note: in expansion of macro ‘SIZE’
   28 |   ('0' + ((SIZE / 10)%10)),
      |            ^~~~
/disk1/plk/flashlight/flashlight/lib/sequence/criterion/cpu/myviterbi/CMakeFiles/CheckTypeSize/HAVE___UINT16.c:23:31: error: expected ‘)’ before ‘__int16’
   23 | #define SIZE (sizeof(unsigned __int16))
      |                     ~         ^~~~~~~
/disk1/plk/flashlight/flashlight/lib/sequence/criterion/cpu/myviterbi/CMakeFiles/CheckTypeSize/HAVE___UINT16.c:29:12: note: in expansion of macro ‘SIZE’
   29 |   ('0' +  (SIZE    % 10)),
      |            ^~~~
make[1]: *** [CMakeFiles/cmTC_9583b.dir/build.make:66: CMakeFiles/cmTC_9583b.dir/HAVE___UINT16.c.o] Error 1
make[1]: Leaving directory '/disk1/plk/flashlight/flashlight/lib/sequence/criterion/cpu/myviterbi/CMakeFiles/CMakeTmp'
make: *** [Makefile:121: cmTC_9583b/fast] Error 2


/disk1/plk/flashlight/flashlight/lib/sequence/criterion/cpu/myviterbi/CMakeFiles/CheckTypeSize/HAVE___UINT16.c:
#include <sys/types.h>
#include <stdint.h>
#include <stddef.h>


#undef KEY
#if defined(__i386)
# define KEY '_','_','i','3','8','6'
#elif defined(__x86_64)
# define KEY '_','_','x','8','6','_','6','4'
#elif defined(__ppc__)
# define KEY '_','_','p','p','c','_','_'
#elif defined(__ppc64__)
# define KEY '_','_','p','p','c','6','4','_','_'
#elif defined(__aarch64__)
# define KEY '_','_','a','a','r','c','h','6','4','_','_'
#elif defined(__ARM_ARCH_7A__)
# define KEY '_','_','A','R','M','_','A','R','C','H','_','7','A','_','_'
#elif defined(__ARM_ARCH_7S__)
# define KEY '_','_','A','R','M','_','A','R','C','H','_','7','S','_','_'
#endif

#define SIZE (sizeof(unsigned __int16))
static char info_size[] =  {'I', 'N', 'F', 'O', ':', 's','i','z','e','[',
  ('0' + ((SIZE / 10000)%10)),
  ('0' + ((SIZE / 1000)%10)),
  ('0' + ((SIZE / 100)%10)),
  ('0' + ((SIZE / 10)%10)),
  ('0' +  (SIZE    % 10)),
  ']',
#ifdef KEY
  ' ','k','e','y','[', KEY, ']',
#endif
  '\0'};

#ifdef __CLASSIC_C__
int main(argc, argv) int argc; char *argv[];
#else
int main(int argc, char *argv[])
#endif
{
  int require = 0;
  require += info_size[argc];
  (void)argv;
  return require;
}


Determining if the function dladdr exists failed with the following output:
Change Dir: /disk1/plk/flashlight/flashlight/lib/sequence/criterion/cpu/myviterbi/CMakeFiles/CMakeTmp

Run Build Command(s):/usr/bin/make cmTC_a599f/fast && /usr/bin/make -f CMakeFiles/cmTC_a599f.dir/build.make CMakeFiles/cmTC_a599f.dir/build
make[1]: Entering directory '/disk1/plk/flashlight/flashlight/lib/sequence/criterion/cpu/myviterbi/CMakeFiles/CMakeTmp'
Building C object CMakeFiles/cmTC_a599f.dir/CheckFunctionExists.c.o
/usr/bin/cc   -DCHECK_FUNCTION_EXISTS=dladdr   -o CMakeFiles/cmTC_a599f.dir/CheckFunctionExists.c.o   -c /usr/share/cmake-3.16/Modules/CheckFunctionExists.c
Linking C executable cmTC_a599f
/usr/bin/cmake -E cmake_link_script CMakeFiles/cmTC_a599f.dir/link.txt --verbose=1
/usr/bin/cc  -DCHECK_FUNCTION_EXISTS=dladdr    -rdynamic CMakeFiles/cmTC_a599f.dir/CheckFunctionExists.c.o  -o cmTC_a599f 
/usr/bin/ld: CMakeFiles/cmTC_a599f.dir/CheckFunctionExists.c.o: in function `main':
CheckFunctionExists.c:(.text+0x14): undefined reference to `dladdr'
collect2: error: ld returned 1 exit status
make[1]: *** [CMakeFiles/cmTC_a599f.dir/build.make:87: cmTC_a599f] Error 1
make[1]: Leaving directory '/disk1/plk/flashlight/flashlight/lib/sequence/criterion/cpu/myviterbi/CMakeFiles/CMakeTmp'
make: *** [Makefile:121: cmTC_a599f/fast] Error 2



Performing C++ SOURCE FILE Test HAVE_NO_UNNAMED_TYPE_TEMPLATE_ARGS failed with the following output:
Change Dir: /disk1/plk/flashlight/flashlight/lib/sequence/criterion/cpu/myviterbi/CMakeFiles/CMakeTmp

Run Build Command(s):/usr/bin/make cmTC_1081f/fast && /usr/bin/make -f CMakeFiles/cmTC_1081f.dir/build.make CMakeFiles/cmTC_1081f.dir/build
make[1]: Entering directory '/disk1/plk/flashlight/flashlight/lib/sequence/criterion/cpu/myviterbi/CMakeFiles/CMakeTmp'
Building CXX object CMakeFiles/cmTC_1081f.dir/src.cxx.o
/usr/bin/c++    -std=c++14 -pthread -fPIC -DHAVE_NO_UNNAMED_TYPE_TEMPLATE_ARGS   -Wunnamed-type-template-args -o CMakeFiles/cmTC_1081f.dir/src.cxx.o -c /disk1/plk/flashlight/flashlight/lib/sequence/criterion/cpu/myviterbi/CMakeFiles/CMakeTmp/src.cxx
c++: error: unrecognized command line option '-Wunnamed-type-template-args'
make[1]: *** [CMakeFiles/cmTC_1081f.dir/build.make:66: CMakeFiles/cmTC_1081f.dir/src.cxx.o] Error 1
make[1]: Leaving directory '/disk1/plk/flashlight/flashlight/lib/sequence/criterion/cpu/myviterbi/CMakeFiles/CMakeTmp'
make: *** [Makefile:121: cmTC_1081f/fast] Error 2


Source file was:
int main() { return 0; }
Determining if the function get_static_proc_name exists in the unwind failed with the following output:
Change Dir: /disk1/plk/flashlight/flashlight/lib/sequence/criterion/cpu/myviterbi/CMakeFiles/CMakeTmp

Run Build Command(s):/usr/bin/make cmTC_b55e6/fast && /usr/bin/make -f CMakeFiles/cmTC_b55e6.dir/build.make CMakeFiles/cmTC_b55e6.dir/build
make[1]: Entering directory '/disk1/plk/flashlight/flashlight/lib/sequence/criterion/cpu/myviterbi/CMakeFiles/CMakeTmp'
Building C object CMakeFiles/cmTC_b55e6.dir/CheckFunctionExists.c.o
/usr/bin/cc   -DCHECK_FUNCTION_EXISTS=get_static_proc_name   -o CMakeFiles/cmTC_b55e6.dir/CheckFunctionExists.c.o   -c /usr/share/cmake-3.16/Modules/CheckFunctionExists.c
Linking C executable cmTC_b55e6
/usr/bin/cmake -E cmake_link_script CMakeFiles/cmTC_b55e6.dir/link.txt --verbose=1
/usr/bin/cc  -DCHECK_FUNCTION_EXISTS=get_static_proc_name    -rdynamic CMakeFiles/cmTC_b55e6.dir/CheckFunctionExists.c.o  -o cmTC_b55e6  -lunwind 
/usr/bin/ld: cannot find -lunwind
collect2: error: ld returned 1 exit status
make[1]: *** [CMakeFiles/cmTC_b55e6.dir/build.make:87: cmTC_b55e6] Error 1
make[1]: Leaving directory '/disk1/plk/flashlight/flashlight/lib/sequence/criterion/cpu/myviterbi/CMakeFiles/CMakeTmp'
make: *** [Makefile:121: cmTC_b55e6/fast] Error 2



Determining if the function UnDecorateSymbolName exists in the dbghelp failed with the following output:
Change Dir: /disk1/plk/flashlight/flashlight/lib/sequence/criterion/cpu/myviterbi/CMakeFiles/CMakeTmp

Run Build Command(s):/usr/bin/make cmTC_41f03/fast && /usr/bin/make -f CMakeFiles/cmTC_41f03.dir/build.make CMakeFiles/cmTC_41f03.dir/build
make[1]: Entering directory '/disk1/plk/flashlight/flashlight/lib/sequence/criterion/cpu/myviterbi/CMakeFiles/CMakeTmp'
Building C object CMakeFiles/cmTC_41f03.dir/CheckFunctionExists.c.o
/usr/bin/cc   -DCHECK_FUNCTION_EXISTS=UnDecorateSymbolName   -o CMakeFiles/cmTC_41f03.dir/CheckFunctionExists.c.o   -c /usr/share/cmake-3.16/Modules/CheckFunctionExists.c
Linking C executable cmTC_41f03
/usr/bin/cmake -E cmake_link_script CMakeFiles/cmTC_41f03.dir/link.txt --verbose=1
/usr/bin/cc  -DCHECK_FUNCTION_EXISTS=UnDecorateSymbolName    -rdynamic CMakeFiles/cmTC_41f03.dir/CheckFunctionExists.c.o  -o cmTC_41f03  -ldbghelp 
/usr/bin/ld: cannot find -ldbghelp
collect2: error: ld returned 1 exit status
make[1]: *** [CMakeFiles/cmTC_41f03.dir/build.make:87: cmTC_41f03] Error 1
make[1]: Leaving directory '/disk1/plk/flashlight/flashlight/lib/sequence/criterion/cpu/myviterbi/CMakeFiles/CMakeTmp'
make: *** [Makefile:121: cmTC_41f03/fast] Error 2



Performing C SOURCE FILE Test HAVE_RWLOCK failed with the following output:
Change Dir: /disk1/plk/flashlight/flashlight/lib/sequence/criterion/cpu/myviterbi/CMakeFiles/CMakeTmp

Run Build Command(s):/usr/bin/make cmTC_52edc/fast && /usr/bin/make -f CMakeFiles/cmTC_52edc.dir/build.make CMakeFiles/cmTC_52edc.dir/build
make[1]: Entering directory '/disk1/plk/flashlight/flashlight/lib/sequence/criterion/cpu/myviterbi/CMakeFiles/CMakeTmp'
Building C object CMakeFiles/cmTC_52edc.dir/src.c.o
/usr/bin/cc   -DHAVE_RWLOCK   -o CMakeFiles/cmTC_52edc.dir/src.c.o   -c /disk1/plk/flashlight/flashlight/lib/sequence/criterion/cpu/myviterbi/CMakeFiles/CMakeTmp/src.c
Linking C executable cmTC_52edc
/usr/bin/cmake -E cmake_link_script CMakeFiles/cmTC_52edc.dir/link.txt --verbose=1
/usr/bin/cc  -DHAVE_RWLOCK    -rdynamic CMakeFiles/cmTC_52edc.dir/src.c.o  -o cmTC_52edc 
/usr/bin/ld: CMakeFiles/cmTC_52edc.dir/src.c.o: in function `main':
src.c:(.text+0x28): undefined reference to `pthread_rwlock_init'
/usr/bin/ld: src.c:(.text+0x34): undefined reference to `pthread_rwlock_rdlock'
collect2: error: ld returned 1 exit status
make[1]: *** [CMakeFiles/cmTC_52edc.dir/build.make:87: cmTC_52edc] Error 1
make[1]: Leaving directory '/disk1/plk/flashlight/flashlight/lib/sequence/criterion/cpu/myviterbi/CMakeFiles/CMakeTmp'
make: *** [Makefile:121: cmTC_52edc/fast] Error 2


Source file was:

#define _XOPEN_SOURCE 500
#include <pthread.h>
int main(void)
{
  pthread_rwlock_t l;
  pthread_rwlock_init(&l, NULL);
  pthread_rwlock_rdlock(&l);
  return 0;
}

Performing C SOURCE FILE Test HAVE___DECLSPEC failed with the following output:
Change Dir: /disk1/plk/flashlight/flashlight/lib/sequence/criterion/cpu/myviterbi/CMakeFiles/CMakeTmp

Run Build Command(s):/usr/bin/make cmTC_67ca8/fast && /usr/bin/make -f CMakeFiles/cmTC_67ca8.dir/build.make CMakeFiles/cmTC_67ca8.dir/build
make[1]: Entering directory '/disk1/plk/flashlight/flashlight/lib/sequence/criterion/cpu/myviterbi/CMakeFiles/CMakeTmp'
Building C object CMakeFiles/cmTC_67ca8.dir/src.c.o
/usr/bin/cc   -DHAVE___DECLSPEC   -o CMakeFiles/cmTC_67ca8.dir/src.c.o   -c /disk1/plk/flashlight/flashlight/lib/sequence/criterion/cpu/myviterbi/CMakeFiles/CMakeTmp/src.c
/disk1/plk/flashlight/flashlight/lib/sequence/criterion/cpu/myviterbi/CMakeFiles/CMakeTmp/src.c:2:1: warning: return type defaults to ‘int’ [-Wimplicit-int]
    2 | __declspec(selectany) int a;
      | ^~~~~~~~~~
/disk1/plk/flashlight/flashlight/lib/sequence/criterion/cpu/myviterbi/CMakeFiles/CMakeTmp/src.c: In function ‘__declspec’:
/disk1/plk/flashlight/flashlight/lib/sequence/criterion/cpu/myviterbi/CMakeFiles/CMakeTmp/src.c:3:16: error: expected ‘=’, ‘,’, ‘;’, ‘asm’ or ‘__attribute__’ before ‘{’ token
    3 | int main(void) { return 0; }
      |                ^
/disk1/plk/flashlight/flashlight/lib/sequence/criterion/cpu/myviterbi/CMakeFiles/CMakeTmp/src.c:2:1: warning: type of ‘selectany’ defaults to ‘int’ [-Wimplicit-int]
    2 | __declspec(selectany) int a;
      | ^~~~~~~~~~
/disk1/plk/flashlight/flashlight/lib/sequence/criterion/cpu/myviterbi/CMakeFiles/CMakeTmp/src.c:2:27: error: declaration for parameter ‘a’ but no such parameter
    2 | __declspec(selectany) int a;
      |                           ^
/disk1/plk/flashlight/flashlight/lib/sequence/criterion/cpu/myviterbi/CMakeFiles/CMakeTmp/src.c:4: error: expected ‘{’ at end of input
    4 | 
      | 
make[1]: *** [CMakeFiles/cmTC_67ca8.dir/build.make:66: CMakeFiles/cmTC_67ca8.dir/src.c.o] Error 1
make[1]: Leaving directory '/disk1/plk/flashlight/flashlight/lib/sequence/criterion/cpu/myviterbi/CMakeFiles/CMakeTmp'
make: *** [Makefile:121: cmTC_67ca8/fast] Error 2


Source file was:

__declspec(selectany) int a;
int main(void) { return 0; }

Performing C++ SOURCE FILE Test STL_NO_NAMESPACE failed with the following output:
Change Dir: /disk1/plk/flashlight/flashlight/lib/sequence/criterion/cpu/myviterbi/CMakeFiles/CMakeTmp

Run Build Command(s):/usr/bin/make cmTC_5b2bc/fast && /usr/bin/make -f CMakeFiles/cmTC_5b2bc.dir/build.make CMakeFiles/cmTC_5b2bc.dir/build
make[1]: Entering directory '/disk1/plk/flashlight/flashlight/lib/sequence/criterion/cpu/myviterbi/CMakeFiles/CMakeTmp'
Building CXX object CMakeFiles/cmTC_5b2bc.dir/src.cxx.o
/usr/bin/c++    -std=c++14 -pthread -fPIC -DSTL_NO_NAMESPACE   -o CMakeFiles/cmTC_5b2bc.dir/src.cxx.o -c /disk1/plk/flashlight/flashlight/lib/sequence/criterion/cpu/myviterbi/CMakeFiles/CMakeTmp/src.cxx
/disk1/plk/flashlight/flashlight/lib/sequence/criterion/cpu/myviterbi/CMakeFiles/CMakeTmp/src.cxx:3:1: error: ‘vector’ does not name a type
    3 | vector<int> t; int main() { }
      | ^~~~~~
make[1]: *** [CMakeFiles/cmTC_5b2bc.dir/build.make:66: CMakeFiles/cmTC_5b2bc.dir/src.cxx.o] Error 1
make[1]: Leaving directory '/disk1/plk/flashlight/flashlight/lib/sequence/criterion/cpu/myviterbi/CMakeFiles/CMakeTmp'
make: *** [Makefile:121: cmTC_5b2bc/fast] Error 2


Source file was:

#include <vector>
vector<int> t; int main() { }

Performing C++ SOURCE FILE Test HAVE_MSVC_TLS failed with the following output:
Change Dir: /disk1/plk/flashlight/flashlight/lib/sequence/criterion/cpu/myviterbi/CMakeFiles/CMakeTmp

Run Build Command(s):/usr/bin/make cmTC_f7eb5/fast && /usr/bin/make -f CMakeFiles/cmTC_f7eb5.dir/build.make CMakeFiles/cmTC_f7eb5.dir/build
make[1]: Entering directory '/disk1/plk/flashlight/flashlight/lib/sequence/criterion/cpu/myviterbi/CMakeFiles/CMakeTmp'
Building CXX object CMakeFiles/cmTC_f7eb5.dir/src.cxx.o
/usr/bin/c++    -std=c++14 -pthread -fPIC -DHAVE_MSVC_TLS   -o CMakeFiles/cmTC_f7eb5.dir/src.cxx.o -c /disk1/plk/flashlight/flashlight/lib/sequence/criterion/cpu/myviterbi/CMakeFiles/CMakeTmp/src.cxx
/disk1/plk/flashlight/flashlight/lib/sequence/criterion/cpu/myviterbi/CMakeFiles/CMakeTmp/src.cxx:2:11: error: expected constructor, destructor, or type conversion before ‘(’ token
    2 | __declspec(thread) int tls;
      |           ^
make[1]: *** [CMakeFiles/cmTC_f7eb5.dir/build.make:66: CMakeFiles/cmTC_f7eb5.dir/src.cxx.o] Error 1
make[1]: Leaving directory '/disk1/plk/flashlight/flashlight/lib/sequence/criterion/cpu/myviterbi/CMakeFiles/CMakeTmp'
make: *** [Makefile:121: cmTC_f7eb5/fast] Error 2


Source file was:

__declspec(thread) int tls;
int main() { }

Performing C SOURCE FILE Test CMAKE_HAVE_LIBC_PTHREAD failed with the following output:
Change Dir: /disk1/plk/flashlight/flashlight/lib/sequence/criterion/cpu/myviterbi/CMakeFiles/CMakeTmp

Run Build Command(s):/usr/bin/make cmTC_4b586/fast && /usr/bin/make -f CMakeFiles/cmTC_4b586.dir/build.make CMakeFiles/cmTC_4b586.dir/build
make[1]: Entering directory '/disk1/plk/flashlight/flashlight/lib/sequence/criterion/cpu/myviterbi/CMakeFiles/CMakeTmp'
Building C object CMakeFiles/cmTC_4b586.dir/src.c.o
/usr/bin/cc   -DCMAKE_HAVE_LIBC_PTHREAD   -o CMakeFiles/cmTC_4b586.dir/src.c.o   -c /disk1/plk/flashlight/flashlight/lib/sequence/criterion/cpu/myviterbi/CMakeFiles/CMakeTmp/src.c
Linking C executable cmTC_4b586
/usr/bin/cmake -E cmake_link_script CMakeFiles/cmTC_4b586.dir/link.txt --verbose=1
/usr/bin/cc  -DCMAKE_HAVE_LIBC_PTHREAD    -rdynamic CMakeFiles/cmTC_4b586.dir/src.c.o  -o cmTC_4b586 
/usr/bin/ld: CMakeFiles/cmTC_4b586.dir/src.c.o: in function `main':
src.c:(.text+0x46): undefined reference to `pthread_create'
/usr/bin/ld: src.c:(.text+0x52): undefined reference to `pthread_detach'
/usr/bin/ld: src.c:(.text+0x63): undefined reference to `pthread_join'
collect2: error: ld returned 1 exit status
make[1]: *** [CMakeFiles/cmTC_4b586.dir/build.make:87: cmTC_4b586] Error 1
make[1]: Leaving directory '/disk1/plk/flashlight/flashlight/lib/sequence/criterion/cpu/myviterbi/CMakeFiles/CMakeTmp'
make: *** [Makefile:121: cmTC_4b586/fast] Error 2


Source file was:
#include <pthread.h>

void* test_func(void* data)
{
  return data;
}

int main(void)
{
  pthread_t thread;
  pthread_create(&thread, NULL, test_func, NULL);
  pthread_detach(thread);
  pthread_join(thread, NULL);
  pthread_atfork(NULL, NULL, NULL);
  pthread_exit(NULL);

  return 0;
}

Determining if the function pthread_create exists in the pthreads failed with the following output:
Change Dir: /disk1/plk/flashlight/flashlight/lib/sequence/criterion/cpu/myviterbi/CMakeFiles/CMakeTmp

Run Build Command(s):/usr/bin/make cmTC_95d07/fast && /usr/bin/make -f CMakeFiles/cmTC_95d07.dir/build.make CMakeFiles/cmTC_95d07.dir/build
make[1]: Entering directory '/disk1/plk/flashlight/flashlight/lib/sequence/criterion/cpu/myviterbi/CMakeFiles/CMakeTmp'
Building C object CMakeFiles/cmTC_95d07.dir/CheckFunctionExists.c.o
/usr/bin/cc   -DCHECK_FUNCTION_EXISTS=pthread_create   -o CMakeFiles/cmTC_95d07.dir/CheckFunctionExists.c.o   -c /usr/share/cmake-3.16/Modules/CheckFunctionExists.c
Linking C executable cmTC_95d07
/usr/bin/cmake -E cmake_link_script CMakeFiles/cmTC_95d07.dir/link.txt --verbose=1
/usr/bin/cc  -DCHECK_FUNCTION_EXISTS=pthread_create    -rdynamic CMakeFiles/cmTC_95d07.dir/CheckFunctionExists.c.o  -o cmTC_95d07  -lpthreads 
/usr/bin/ld: cannot find -lpthreads
collect2: error: ld returned 1 exit status
make[1]: *** [CMakeFiles/cmTC_95d07.dir/build.make:87: cmTC_95d07] Error 1
make[1]: Leaving directory '/disk1/plk/flashlight/flashlight/lib/sequence/criterion/cpu/myviterbi/CMakeFiles/CMakeTmp'
make: *** [Makefile:121: cmTC_95d07/fast] Error 2



Determining if the include file libunwind.h exists failed with the following output:
Change Dir: /disk1/plk/flashlight/flashlight/lib/sequence/criterion/cpu/myviterbi/CMakeFiles/CMakeTmp

Run Build Command(s):/usr/bin/make cmTC_d9f7a/fast && /usr/bin/make -f CMakeFiles/cmTC_d9f7a.dir/build.make CMakeFiles/cmTC_d9f7a.dir/build
make[1]: Entering directory '/disk1/plk/flashlight/flashlight/lib/sequence/criterion/cpu/myviterbi/CMakeFiles/CMakeTmp'
Building C object CMakeFiles/cmTC_d9f7a.dir/CheckIncludeFile.c.o
/usr/bin/cc    -o CMakeFiles/cmTC_d9f7a.dir/CheckIncludeFile.c.o   -c /disk1/plk/flashlight/flashlight/lib/sequence/criterion/cpu/myviterbi/CMakeFiles/CMakeTmp/CheckIncludeFile.c
/disk1/plk/flashlight/flashlight/lib/sequence/criterion/cpu/myviterbi/CMakeFiles/CMakeTmp/CheckIncludeFile.c:1:10: fatal error: libunwind.h: No such file or directory
    1 | #include <libunwind.h>
      |          ^~~~~~~~~~~~~
compilation terminated.
make[1]: *** [CMakeFiles/cmTC_d9f7a.dir/build.make:66: CMakeFiles/cmTC_d9f7a.dir/CheckIncludeFile.c.o] Error 1
make[1]: Leaving directory '/disk1/plk/flashlight/flashlight/lib/sequence/criterion/cpu/myviterbi/CMakeFiles/CMakeTmp'
make: *** [Makefile:121: cmTC_d9f7a/fast] Error 2



Determining size of unsigned __int16 failed with the following output:
Change Dir: /disk1/plk/flashlight/flashlight/lib/sequence/criterion/cpu/myviterbi/CMakeFiles/CMakeTmp

Run Build Command(s):/usr/bin/make cmTC_e3d96/fast && /usr/bin/make -f CMakeFiles/cmTC_e3d96.dir/build.make CMakeFiles/cmTC_e3d96.dir/build
make[1]: Entering directory '/disk1/plk/flashlight/flashlight/lib/sequence/criterion/cpu/myviterbi/CMakeFiles/CMakeTmp'
Building C object CMakeFiles/cmTC_e3d96.dir/HAVE___UINT16.c.o
/usr/bin/cc    -o CMakeFiles/cmTC_e3d96.dir/HAVE___UINT16.c.o   -c /disk1/plk/flashlight/flashlight/lib/sequence/criterion/cpu/myviterbi/CMakeFiles/CheckTypeSize/HAVE___UINT16.c
/disk1/plk/flashlight/flashlight/lib/sequence/criterion/cpu/myviterbi/CMakeFiles/CheckTypeSize/HAVE___UINT16.c:23:31: error: expected ‘)’ before ‘__int16’
   23 | #define SIZE (sizeof(unsigned __int16))
      |                     ~         ^~~~~~~
/disk1/plk/flashlight/flashlight/lib/sequence/criterion/cpu/myviterbi/CMakeFiles/CheckTypeSize/HAVE___UINT16.c:25:12: note: in expansion of macro ‘SIZE’
   25 |   ('0' + ((SIZE / 10000)%10)),
      |            ^~~~
/disk1/plk/flashlight/flashlight/lib/sequence/criterion/cpu/myviterbi/CMakeFiles/CheckTypeSize/HAVE___UINT16.c:23:31: error: expected ‘)’ before ‘__int16’
   23 | #define SIZE (sizeof(unsigned __int16))
      |                     ~         ^~~~~~~
/disk1/plk/flashlight/flashlight/lib/sequence/criterion/cpu/myviterbi/CMakeFiles/CheckTypeSize/HAVE___UINT16.c:26:12: note: in expansion of macro ‘SIZE’
   26 |   ('0' + ((SIZE / 1000)%10)),
      |            ^~~~
/disk1/plk/flashlight/flashlight/lib/sequence/criterion/cpu/myviterbi/CMakeFiles/CheckTypeSize/HAVE___UINT16.c:23:31: error: expected ‘)’ before ‘__int16’
   23 | #define SIZE (sizeof(unsigned __int16))
      |                     ~         ^~~~~~~
/disk1/plk/flashlight/flashlight/lib/sequence/criterion/cpu/myviterbi/CMakeFiles/CheckTypeSize/HAVE___UINT16.c:27:12: note: in expansion of macro ‘SIZE’
   27 |   ('0' + ((SIZE / 100)%10)),
      |            ^~~~
/disk1/plk/flashlight/flashlight/lib/sequence/criterion/cpu/myviterbi/CMakeFiles/CheckTypeSize/HAVE___UINT16.c:23:31: error: expected ‘)’ before ‘__int16’
   23 | #define SIZE (sizeof(unsigned __int16))
      |                     ~         ^~~~~~~
/disk1/plk/flashlight/flashlight/lib/sequence/criterion/cpu/myviterbi/CMakeFiles/CheckTypeSize/HAVE___UINT16.c:28:12: note: in expansion of macro ‘SIZE’
   28 |   ('0' + ((SIZE / 10)%10)),
      |            ^~~~
/disk1/plk/flashlight/flashlight/lib/sequence/criterion/cpu/myviterbi/CMakeFiles/CheckTypeSize/HAVE___UINT16.c:23:31: error: expected ‘)’ before ‘__int16’
   23 | #define SIZE (sizeof(unsigned __int16))
      |                     ~         ^~~~~~~
/disk1/plk/flashlight/flashlight/lib/sequence/criterion/cpu/myviterbi/CMakeFiles/CheckTypeSize/HAVE___UINT16.c:29:12: note: in expansion of macro ‘SIZE’
   29 |   ('0' +  (SIZE    % 10)),
      |            ^~~~
make[1]: *** [CMakeFiles/cmTC_e3d96.dir/build.make:66: CMakeFiles/cmTC_e3d96.dir/HAVE___UINT16.c.o] Error 1
make[1]: Leaving directory '/disk1/plk/flashlight/flashlight/lib/sequence/criterion/cpu/myviterbi/CMakeFiles/CMakeTmp'
make: *** [Makefile:121: cmTC_e3d96/fast] Error 2


/disk1/plk/flashlight/flashlight/lib/sequence/criterion/cpu/myviterbi/CMakeFiles/CheckTypeSize/HAVE___UINT16.c:
#include <sys/types.h>
#include <stdint.h>
#include <stddef.h>


#undef KEY
#if defined(__i386)
# define KEY '_','_','i','3','8','6'
#elif defined(__x86_64)
# define KEY '_','_','x','8','6','_','6','4'
#elif defined(__ppc__)
# define KEY '_','_','p','p','c','_','_'
#elif defined(__ppc64__)
# define KEY '_','_','p','p','c','6','4','_','_'
#elif defined(__aarch64__)
# define KEY '_','_','a','a','r','c','h','6','4','_','_'
#elif defined(__ARM_ARCH_7A__)
# define KEY '_','_','A','R','M','_','A','R','C','H','_','7','A','_','_'
#elif defined(__ARM_ARCH_7S__)
# define KEY '_','_','A','R','M','_','A','R','C','H','_','7','S','_','_'
#endif

#define SIZE (sizeof(unsigned __int16))
static char info_size[] =  {'I', 'N', 'F', 'O', ':', 's','i','z','e','[',
  ('0' + ((SIZE / 10000)%10)),
  ('0' + ((SIZE / 1000)%10)),
  ('0' + ((SIZE / 100)%10)),
  ('0' + ((SIZE / 10)%10)),
  ('0' +  (SIZE    % 10)),
  ']',
#ifdef KEY
  ' ','k','e','y','[', KEY, ']',
#endif
  '\0'};

#ifdef __CLASSIC_C__
int main(argc, argv) int argc; char *argv[];
#else
int main(int argc, char *argv[])
#endif
{
  int require = 0;
  require += info_size[argc];
  (void)argv;
  return require;
}


Determining if the function dladdr exists failed with the following output:
Change Dir: /disk1/plk/flashlight/flashlight/lib/sequence/criterion/cpu/myviterbi/CMakeFiles/CMakeTmp

Run Build Command(s):/usr/bin/make cmTC_9742e/fast && /usr/bin/make -f CMakeFiles/cmTC_9742e.dir/build.make CMakeFiles/cmTC_9742e.dir/build
make[1]: Entering directory '/disk1/plk/flashlight/flashlight/lib/sequence/criterion/cpu/myviterbi/CMakeFiles/CMakeTmp'
Building C object CMakeFiles/cmTC_9742e.dir/CheckFunctionExists.c.o
/usr/bin/cc   -DCHECK_FUNCTION_EXISTS=dladdr   -o CMakeFiles/cmTC_9742e.dir/CheckFunctionExists.c.o   -c /usr/share/cmake-3.16/Modules/CheckFunctionExists.c
Linking C executable cmTC_9742e
/usr/bin/cmake -E cmake_link_script CMakeFiles/cmTC_9742e.dir/link.txt --verbose=1
/usr/bin/cc  -DCHECK_FUNCTION_EXISTS=dladdr    -rdynamic CMakeFiles/cmTC_9742e.dir/CheckFunctionExists.c.o  -o cmTC_9742e 
/usr/bin/ld: CMakeFiles/cmTC_9742e.dir/CheckFunctionExists.c.o: in function `main':
CheckFunctionExists.c:(.text+0x14): undefined reference to `dladdr'
collect2: error: ld returned 1 exit status
make[1]: *** [CMakeFiles/cmTC_9742e.dir/build.make:87: cmTC_9742e] Error 1
make[1]: Leaving directory '/disk1/plk/flashlight/flashlight/lib/sequence/criterion/cpu/myviterbi/CMakeFiles/CMakeTmp'
make: *** [Makefile:121: cmTC_9742e/fast] Error 2



Performing C++ SOURCE FILE Test HAVE_NO_UNNAMED_TYPE_TEMPLATE_ARGS failed with the following output:
Change Dir: /disk1/plk/flashlight/flashlight/lib/sequence/criterion/cpu/myviterbi/CMakeFiles/CMakeTmp

Run Build Command(s):/usr/bin/make cmTC_25b4d/fast && /usr/bin/make -f CMakeFiles/cmTC_25b4d.dir/build.make CMakeFiles/cmTC_25b4d.dir/build
make[1]: Entering directory '/disk1/plk/flashlight/flashlight/lib/sequence/criterion/cpu/myviterbi/CMakeFiles/CMakeTmp'
Building CXX object CMakeFiles/cmTC_25b4d.dir/src.cxx.o
/usr/bin/c++    -std=c++14 -pthread -fPIC -DHAVE_NO_UNNAMED_TYPE_TEMPLATE_ARGS   -Wunnamed-type-template-args -o CMakeFiles/cmTC_25b4d.dir/src.cxx.o -c /disk1/plk/flashlight/flashlight/lib/sequence/criterion/cpu/myviterbi/CMakeFiles/CMakeTmp/src.cxx
c++: error: unrecognized command line option '-Wunnamed-type-template-args'
make[1]: *** [CMakeFiles/cmTC_25b4d.dir/build.make:66: CMakeFiles/cmTC_25b4d.dir/src.cxx.o] Error 1
make[1]: Leaving directory '/disk1/plk/flashlight/flashlight/lib/sequence/criterion/cpu/myviterbi/CMakeFiles/CMakeTmp'
make: *** [Makefile:121: cmTC_25b4d/fast] Error 2


Source file was:
int main() { return 0; }
Determining if the function get_static_proc_name exists in the unwind failed with the following output:
Change Dir: /disk1/plk/flashlight/flashlight/lib/sequence/criterion/cpu/myviterbi/CMakeFiles/CMakeTmp

Run Build Command(s):/usr/bin/make cmTC_7287a/fast && /usr/bin/make -f CMakeFiles/cmTC_7287a.dir/build.make CMakeFiles/cmTC_7287a.dir/build
make[1]: Entering directory '/disk1/plk/flashlight/flashlight/lib/sequence/criterion/cpu/myviterbi/CMakeFiles/CMakeTmp'
Building C object CMakeFiles/cmTC_7287a.dir/CheckFunctionExists.c.o
/usr/bin/cc   -DCHECK_FUNCTION_EXISTS=get_static_proc_name   -o CMakeFiles/cmTC_7287a.dir/CheckFunctionExists.c.o   -c /usr/share/cmake-3.16/Modules/CheckFunctionExists.c
Linking C executable cmTC_7287a
/usr/bin/cmake -E cmake_link_script CMakeFiles/cmTC_7287a.dir/link.txt --verbose=1
/usr/bin/cc  -DCHECK_FUNCTION_EXISTS=get_static_proc_name    -rdynamic CMakeFiles/cmTC_7287a.dir/CheckFunctionExists.c.o  -o cmTC_7287a  -lunwind 
/usr/bin/ld: cannot find -lunwind
collect2: error: ld returned 1 exit status
make[1]: *** [CMakeFiles/cmTC_7287a.dir/build.make:87: cmTC_7287a] Error 1
make[1]: Leaving directory '/disk1/plk/flashlight/flashlight/lib/sequence/criterion/cpu/myviterbi/CMakeFiles/CMakeTmp'
make: *** [Makefile:121: cmTC_7287a/fast] Error 2



Determining if the function UnDecorateSymbolName exists in the dbghelp failed with the following output:
Change Dir: /disk1/plk/flashlight/flashlight/lib/sequence/criterion/cpu/myviterbi/CMakeFiles/CMakeTmp

Run Build Command(s):/usr/bin/make cmTC_5249c/fast && /usr/bin/make -f CMakeFiles/cmTC_5249c.dir/build.make CMakeFiles/cmTC_5249c.dir/build
make[1]: Entering directory '/disk1/plk/flashlight/flashlight/lib/sequence/criterion/cpu/myviterbi/CMakeFiles/CMakeTmp'
Building C object CMakeFiles/cmTC_5249c.dir/CheckFunctionExists.c.o
/usr/bin/cc   -DCHECK_FUNCTION_EXISTS=UnDecorateSymbolName   -o CMakeFiles/cmTC_5249c.dir/CheckFunctionExists.c.o   -c /usr/share/cmake-3.16/Modules/CheckFunctionExists.c
Linking C executable cmTC_5249c
/usr/bin/cmake -E cmake_link_script CMakeFiles/cmTC_5249c.dir/link.txt --verbose=1
/usr/bin/cc  -DCHECK_FUNCTION_EXISTS=UnDecorateSymbolName    -rdynamic CMakeFiles/cmTC_5249c.dir/CheckFunctionExists.c.o  -o cmTC_5249c  -ldbghelp 
/usr/bin/ld: cannot find -ldbghelp
collect2: error: ld returned 1 exit status
make[1]: *** [CMakeFiles/cmTC_5249c.dir/build.make:87: cmTC_5249c] Error 1
make[1]: Leaving directory '/disk1/plk/flashlight/flashlight/lib/sequence/criterion/cpu/myviterbi/CMakeFiles/CMakeTmp'
make: *** [Makefile:121: cmTC_5249c/fast] Error 2



Performing C SOURCE FILE Test HAVE_RWLOCK failed with the following output:
Change Dir: /disk1/plk/flashlight/flashlight/lib/sequence/criterion/cpu/myviterbi/CMakeFiles/CMakeTmp

Run Build Command(s):/usr/bin/make cmTC_15392/fast && /usr/bin/make -f CMakeFiles/cmTC_15392.dir/build.make CMakeFiles/cmTC_15392.dir/build
make[1]: Entering directory '/disk1/plk/flashlight/flashlight/lib/sequence/criterion/cpu/myviterbi/CMakeFiles/CMakeTmp'
Building C object CMakeFiles/cmTC_15392.dir/src.c.o
/usr/bin/cc   -DHAVE_RWLOCK   -o CMakeFiles/cmTC_15392.dir/src.c.o   -c /disk1/plk/flashlight/flashlight/lib/sequence/criterion/cpu/myviterbi/CMakeFiles/CMakeTmp/src.c
Linking C executable cmTC_15392
/usr/bin/cmake -E cmake_link_script CMakeFiles/cmTC_15392.dir/link.txt --verbose=1
/usr/bin/cc  -DHAVE_RWLOCK    -rdynamic CMakeFiles/cmTC_15392.dir/src.c.o  -o cmTC_15392 
/usr/bin/ld: CMakeFiles/cmTC_15392.dir/src.c.o: in function `main':
src.c:(.text+0x28): undefined reference to `pthread_rwlock_init'
/usr/bin/ld: src.c:(.text+0x34): undefined reference to `pthread_rwlock_rdlock'
collect2: error: ld returned 1 exit status
make[1]: *** [CMakeFiles/cmTC_15392.dir/build.make:87: cmTC_15392] Error 1
make[1]: Leaving directory '/disk1/plk/flashlight/flashlight/lib/sequence/criterion/cpu/myviterbi/CMakeFiles/CMakeTmp'
make: *** [Makefile:121: cmTC_15392/fast] Error 2


Source file was:

#define _XOPEN_SOURCE 500
#include <pthread.h>
int main(void)
{
  pthread_rwlock_t l;
  pthread_rwlock_init(&l, NULL);
  pthread_rwlock_rdlock(&l);
  return 0;
}

Performing C SOURCE FILE Test HAVE___DECLSPEC failed with the following output:
Change Dir: /disk1/plk/flashlight/flashlight/lib/sequence/criterion/cpu/myviterbi/CMakeFiles/CMakeTmp

Run Build Command(s):/usr/bin/make cmTC_a7187/fast && /usr/bin/make -f CMakeFiles/cmTC_a7187.dir/build.make CMakeFiles/cmTC_a7187.dir/build
make[1]: Entering directory '/disk1/plk/flashlight/flashlight/lib/sequence/criterion/cpu/myviterbi/CMakeFiles/CMakeTmp'
Building C object CMakeFiles/cmTC_a7187.dir/src.c.o
/usr/bin/cc   -DHAVE___DECLSPEC   -o CMakeFiles/cmTC_a7187.dir/src.c.o   -c /disk1/plk/flashlight/flashlight/lib/sequence/criterion/cpu/myviterbi/CMakeFiles/CMakeTmp/src.c
/disk1/plk/flashlight/flashlight/lib/sequence/criterion/cpu/myviterbi/CMakeFiles/CMakeTmp/src.c:2:1: warning: return type defaults to ‘int’ [-Wimplicit-int]
    2 | __declspec(selectany) int a;
      | ^~~~~~~~~~
/disk1/plk/flashlight/flashlight/lib/sequence/criterion/cpu/myviterbi/CMakeFiles/CMakeTmp/src.c: In function ‘__declspec’:
/disk1/plk/flashlight/flashlight/lib/sequence/criterion/cpu/myviterbi/CMakeFiles/CMakeTmp/src.c:3:16: error: expected ‘=’, ‘,’, ‘;’, ‘asm’ or ‘__attribute__’ before ‘{’ token
    3 | int main(void) { return 0; }
      |                ^
/disk1/plk/flashlight/flashlight/lib/sequence/criterion/cpu/myviterbi/CMakeFiles/CMakeTmp/src.c:2:1: warning: type of ‘selectany’ defaults to ‘int’ [-Wimplicit-int]
    2 | __declspec(selectany) int a;
      | ^~~~~~~~~~
/disk1/plk/flashlight/flashlight/lib/sequence/criterion/cpu/myviterbi/CMakeFiles/CMakeTmp/src.c:2:27: error: declaration for parameter ‘a’ but no such parameter
    2 | __declspec(selectany) int a;
      |                           ^
/disk1/plk/flashlight/flashlight/lib/sequence/criterion/cpu/myviterbi/CMakeFiles/CMakeTmp/src.c:4: error: expected ‘{’ at end of input
    4 | 
      | 
make[1]: *** [CMakeFiles/cmTC_a7187.dir/build.make:66: CMakeFiles/cmTC_a7187.dir/src.c.o] Error 1
make[1]: Leaving directory '/disk1/plk/flashlight/flashlight/lib/sequence/criterion/cpu/myviterbi/CMakeFiles/CMakeTmp'
make: *** [Makefile:121: cmTC_a7187/fast] Error 2


Source file was:

__declspec(selectany) int a;
int main(void) { return 0; }

Performing C++ SOURCE FILE Test STL_NO_NAMESPACE failed with the following output:
Change Dir: /disk1/plk/flashlight/flashlight/lib/sequence/criterion/cpu/myviterbi/CMakeFiles/CMakeTmp

Run Build Command(s):/usr/bin/make cmTC_7eb23/fast && /usr/bin/make -f CMakeFiles/cmTC_7eb23.dir/build.make CMakeFiles/cmTC_7eb23.dir/build
make[1]: Entering directory '/disk1/plk/flashlight/flashlight/lib/sequence/criterion/cpu/myviterbi/CMakeFiles/CMakeTmp'
Building CXX object CMakeFiles/cmTC_7eb23.dir/src.cxx.o
/usr/bin/c++    -std=c++14 -pthread -fPIC -DSTL_NO_NAMESPACE   -o CMakeFiles/cmTC_7eb23.dir/src.cxx.o -c /disk1/plk/flashlight/flashlight/lib/sequence/criterion/cpu/myviterbi/CMakeFiles/CMakeTmp/src.cxx
/disk1/plk/flashlight/flashlight/lib/sequence/criterion/cpu/myviterbi/CMakeFiles/CMakeTmp/src.cxx:3:1: error: ‘vector’ does not name a type
    3 | vector<int> t; int main() { }
      | ^~~~~~
make[1]: *** [CMakeFiles/cmTC_7eb23.dir/build.make:66: CMakeFiles/cmTC_7eb23.dir/src.cxx.o] Error 1
make[1]: Leaving directory '/disk1/plk/flashlight/flashlight/lib/sequence/criterion/cpu/myviterbi/CMakeFiles/CMakeTmp'
make: *** [Makefile:121: cmTC_7eb23/fast] Error 2


Source file was:

#include <vector>
vector<int> t; int main() { }

Performing C++ SOURCE FILE Test HAVE_MSVC_TLS failed with the following output:
Change Dir: /disk1/plk/flashlight/flashlight/lib/sequence/criterion/cpu/myviterbi/CMakeFiles/CMakeTmp

Run Build Command(s):/usr/bin/make cmTC_95e0f/fast && /usr/bin/make -f CMakeFiles/cmTC_95e0f.dir/build.make CMakeFiles/cmTC_95e0f.dir/build
make[1]: Entering directory '/disk1/plk/flashlight/flashlight/lib/sequence/criterion/cpu/myviterbi/CMakeFiles/CMakeTmp'
Building CXX object CMakeFiles/cmTC_95e0f.dir/src.cxx.o
/usr/bin/c++    -std=c++14 -pthread -fPIC -DHAVE_MSVC_TLS   -o CMakeFiles/cmTC_95e0f.dir/src.cxx.o -c /disk1/plk/flashlight/flashlight/lib/sequence/criterion/cpu/myviterbi/CMakeFiles/CMakeTmp/src.cxx
/disk1/plk/flashlight/flashlight/lib/sequence/criterion/cpu/myviterbi/CMakeFiles/CMakeTmp/src.cxx:2:11: error: expected constructor, destructor, or type conversion before ‘(’ token
    2 | __declspec(thread) int tls;
      |           ^
make[1]: *** [CMakeFiles/cmTC_95e0f.dir/build.make:66: CMakeFiles/cmTC_95e0f.dir/src.cxx.o] Error 1
make[1]: Leaving directory '/disk1/plk/flashlight/flashlight/lib/sequence/criterion/cpu/myviterbi/CMakeFiles/CMakeTmp'
make: *** [Makefile:121: cmTC_95e0f/fast] Error 2


Source file was:

__declspec(thread) int tls;
int main() { }

Performing C SOURCE FILE Test CMAKE_HAVE_LIBC_PTHREAD failed with the following output:
Change Dir: /disk1/plk/flashlight/flashlight/lib/sequence/criterion/cpu/myviterbi/CMakeFiles/CMakeTmp

Run Build Command(s):/usr/bin/make cmTC_843a5/fast && /usr/bin/make -f CMakeFiles/cmTC_843a5.dir/build.make CMakeFiles/cmTC_843a5.dir/build
make[1]: Entering directory '/disk1/plk/flashlight/flashlight/lib/sequence/criterion/cpu/myviterbi/CMakeFiles/CMakeTmp'
Building C object CMakeFiles/cmTC_843a5.dir/src.c.o
/usr/bin/cc   -DCMAKE_HAVE_LIBC_PTHREAD   -o CMakeFiles/cmTC_843a5.dir/src.c.o   -c /disk1/plk/flashlight/flashlight/lib/sequence/criterion/cpu/myviterbi/CMakeFiles/CMakeTmp/src.c
Linking C executable cmTC_843a5
/usr/bin/cmake -E cmake_link_script CMakeFiles/cmTC_843a5.dir/link.txt --verbose=1
/usr/bin/cc  -DCMAKE_HAVE_LIBC_PTHREAD    -rdynamic CMakeFiles/cmTC_843a5.dir/src.c.o  -o cmTC_843a5 
/usr/bin/ld: CMakeFiles/cmTC_843a5.dir/src.c.o: in function `main':
src.c:(.text+0x46): undefined reference to `pthread_create'
/usr/bin/ld: src.c:(.text+0x52): undefined reference to `pthread_detach'
/usr/bin/ld: src.c:(.text+0x63): undefined reference to `pthread_join'
collect2: error: ld returned 1 exit status
make[1]: *** [CMakeFiles/cmTC_843a5.dir/build.make:87: cmTC_843a5] Error 1
make[1]: Leaving directory '/disk1/plk/flashlight/flashlight/lib/sequence/criterion/cpu/myviterbi/CMakeFiles/CMakeTmp'
make: *** [Makefile:121: cmTC_843a5/fast] Error 2


Source file was:
#include <pthread.h>

void* test_func(void* data)
{
  return data;
}

int main(void)
{
  pthread_t thread;
  pthread_create(&thread, NULL, test_func, NULL);
  pthread_detach(thread);
  pthread_join(thread, NULL);
  pthread_atfork(NULL, NULL, NULL);
  pthread_exit(NULL);

  return 0;
}

Determining if the function pthread_create exists in the pthreads failed with the following output:
Change Dir: /disk1/plk/flashlight/flashlight/lib/sequence/criterion/cpu/myviterbi/CMakeFiles/CMakeTmp

Run Build Command(s):/usr/bin/make cmTC_ad228/fast && /usr/bin/make -f CMakeFiles/cmTC_ad228.dir/build.make CMakeFiles/cmTC_ad228.dir/build
make[1]: Entering directory '/disk1/plk/flashlight/flashlight/lib/sequence/criterion/cpu/myviterbi/CMakeFiles/CMakeTmp'
Building C object CMakeFiles/cmTC_ad228.dir/CheckFunctionExists.c.o
/usr/bin/cc   -DCHECK_FUNCTION_EXISTS=pthread_create   -o CMakeFiles/cmTC_ad228.dir/CheckFunctionExists.c.o   -c /usr/share/cmake-3.16/Modules/CheckFunctionExists.c
Linking C executable cmTC_ad228
/usr/bin/cmake -E cmake_link_script CMakeFiles/cmTC_ad228.dir/link.txt --verbose=1
/usr/bin/cc  -DCHECK_FUNCTION_EXISTS=pthread_create    -rdynamic CMakeFiles/cmTC_ad228.dir/CheckFunctionExists.c.o  -o cmTC_ad228  -lpthreads 
/usr/bin/ld: cannot find -lpthreads
collect2: error: ld returned 1 exit status
make[1]: *** [CMakeFiles/cmTC_ad228.dir/build.make:87: cmTC_ad228] Error 1
make[1]: Leaving directory '/disk1/plk/flashlight/flashlight/lib/sequence/criterion/cpu/myviterbi/CMakeFiles/CMakeTmp'
make: *** [Makefile:121: cmTC_ad228/fast] Error 2



Determining if the include file libunwind.h exists failed with the following output:
Change Dir: /disk1/plk/flashlight/flashlight/lib/sequence/criterion/cpu/myviterbi/CMakeFiles/CMakeTmp

Run Build Command(s):/usr/bin/make cmTC_8f5fb/fast && /usr/bin/make -f CMakeFiles/cmTC_8f5fb.dir/build.make CMakeFiles/cmTC_8f5fb.dir/build
make[1]: Entering directory '/disk1/plk/flashlight/flashlight/lib/sequence/criterion/cpu/myviterbi/CMakeFiles/CMakeTmp'
Building C object CMakeFiles/cmTC_8f5fb.dir/CheckIncludeFile.c.o
/usr/bin/cc    -o CMakeFiles/cmTC_8f5fb.dir/CheckIncludeFile.c.o   -c /disk1/plk/flashlight/flashlight/lib/sequence/criterion/cpu/myviterbi/CMakeFiles/CMakeTmp/CheckIncludeFile.c
/disk1/plk/flashlight/flashlight/lib/sequence/criterion/cpu/myviterbi/CMakeFiles/CMakeTmp/CheckIncludeFile.c:1:10: fatal error: libunwind.h: No such file or directory
    1 | #include <libunwind.h>
      |          ^~~~~~~~~~~~~
compilation terminated.
make[1]: *** [CMakeFiles/cmTC_8f5fb.dir/build.make:66: CMakeFiles/cmTC_8f5fb.dir/CheckIncludeFile.c.o] Error 1
make[1]: Leaving directory '/disk1/plk/flashlight/flashlight/lib/sequence/criterion/cpu/myviterbi/CMakeFiles/CMakeTmp'
make: *** [Makefile:121: cmTC_8f5fb/fast] Error 2



Determining size of unsigned __int16 failed with the following output:
Change Dir: /disk1/plk/flashlight/flashlight/lib/sequence/criterion/cpu/myviterbi/CMakeFiles/CMakeTmp

Run Build Command(s):/usr/bin/make cmTC_70f5c/fast && /usr/bin/make -f CMakeFiles/cmTC_70f5c.dir/build.make CMakeFiles/cmTC_70f5c.dir/build
make[1]: Entering directory '/disk1/plk/flashlight/flashlight/lib/sequence/criterion/cpu/myviterbi/CMakeFiles/CMakeTmp'
Building C object CMakeFiles/cmTC_70f5c.dir/HAVE___UINT16.c.o
/usr/bin/cc    -o CMakeFiles/cmTC_70f5c.dir/HAVE___UINT16.c.o   -c /disk1/plk/flashlight/flashlight/lib/sequence/criterion/cpu/myviterbi/CMakeFiles/CheckTypeSize/HAVE___UINT16.c
/disk1/plk/flashlight/flashlight/lib/sequence/criterion/cpu/myviterbi/CMakeFiles/CheckTypeSize/HAVE___UINT16.c:23:31: error: expected ‘)’ before ‘__int16’
   23 | #define SIZE (sizeof(unsigned __int16))
      |                     ~         ^~~~~~~
/disk1/plk/flashlight/flashlight/lib/sequence/criterion/cpu/myviterbi/CMakeFiles/CheckTypeSize/HAVE___UINT16.c:25:12: note: in expansion of macro ‘SIZE’
   25 |   ('0' + ((SIZE / 10000)%10)),
      |            ^~~~
/disk1/plk/flashlight/flashlight/lib/sequence/criterion/cpu/myviterbi/CMakeFiles/CheckTypeSize/HAVE___UINT16.c:23:31: error: expected ‘)’ before ‘__int16’
   23 | #define SIZE (sizeof(unsigned __int16))
      |                     ~         ^~~~~~~
/disk1/plk/flashlight/flashlight/lib/sequence/criterion/cpu/myviterbi/CMakeFiles/CheckTypeSize/HAVE___UINT16.c:26:12: note: in expansion of macro ‘SIZE’
   26 |   ('0' + ((SIZE / 1000)%10)),
      |            ^~~~
/disk1/plk/flashlight/flashlight/lib/sequence/criterion/cpu/myviterbi/CMakeFiles/CheckTypeSize/HAVE___UINT16.c:23:31: error: expected ‘)’ before ‘__int16’
   23 | #define SIZE (sizeof(unsigned __int16))
      |                     ~         ^~~~~~~
/disk1/plk/flashlight/flashlight/lib/sequence/criterion/cpu/myviterbi/CMakeFiles/CheckTypeSize/HAVE___UINT16.c:27:12: note: in expansion of macro ‘SIZE’
   27 |   ('0' + ((SIZE / 100)%10)),
      |            ^~~~
/disk1/plk/flashlight/flashlight/lib/sequence/criterion/cpu/myviterbi/CMakeFiles/CheckTypeSize/HAVE___UINT16.c:23:31: error: expected ‘)’ before ‘__int16’
   23 | #define SIZE (sizeof(unsigned __int16))
      |                     ~         ^~~~~~~
/disk1/plk/flashlight/flashlight/lib/sequence/criterion/cpu/myviterbi/CMakeFiles/CheckTypeSize/HAVE___UINT16.c:28:12: note: in expansion of macro ‘SIZE’
   28 |   ('0' + ((SIZE / 10)%10)),
      |            ^~~~
/disk1/plk/flashlight/flashlight/lib/sequence/criterion/cpu/myviterbi/CMakeFiles/CheckTypeSize/HAVE___UINT16.c:23:31: error: expected ‘)’ before ‘__int16’
   23 | #define SIZE (sizeof(unsigned __int16))
      |                     ~         ^~~~~~~
/disk1/plk/flashlight/flashlight/lib/sequence/criterion/cpu/myviterbi/CMakeFiles/CheckTypeSize/HAVE___UINT16.c:29:12: note: in expansion of macro ‘SIZE’
   29 |   ('0' +  (SIZE    % 10)),
      |            ^~~~
make[1]: *** [CMakeFiles/cmTC_70f5c.dir/build.make:66: CMakeFiles/cmTC_70f5c.dir/HAVE___UINT16.c.o] Error 1
make[1]: Leaving directory '/disk1/plk/flashlight/flashlight/lib/sequence/criterion/cpu/myviterbi/CMakeFiles/CMakeTmp'
make: *** [Makefile:121: cmTC_70f5c/fast] Error 2


/disk1/plk/flashlight/flashlight/lib/sequence/criterion/cpu/myviterbi/CMakeFiles/CheckTypeSize/HAVE___UINT16.c:
#include <sys/types.h>
#include <stdint.h>
#include <stddef.h>


#undef KEY
#if defined(__i386)
# define KEY '_','_','i','3','8','6'
#elif defined(__x86_64)
# define KEY '_','_','x','8','6','_','6','4'
#elif defined(__ppc__)
# define KEY '_','_','p','p','c','_','_'
#elif defined(__ppc64__)
# define KEY '_','_','p','p','c','6','4','_','_'
#elif defined(__aarch64__)
# define KEY '_','_','a','a','r','c','h','6','4','_','_'
#elif defined(__ARM_ARCH_7A__)
# define KEY '_','_','A','R','M','_','A','R','C','H','_','7','A','_','_'
#elif defined(__ARM_ARCH_7S__)
# define KEY '_','_','A','R','M','_','A','R','C','H','_','7','S','_','_'
#endif

#define SIZE (sizeof(unsigned __int16))
static char info_size[] =  {'I', 'N', 'F', 'O', ':', 's','i','z','e','[',
  ('0' + ((SIZE / 10000)%10)),
  ('0' + ((SIZE / 1000)%10)),
  ('0' + ((SIZE / 100)%10)),
  ('0' + ((SIZE / 10)%10)),
  ('0' +  (SIZE    % 10)),
  ']',
#ifdef KEY
  ' ','k','e','y','[', KEY, ']',
#endif
  '\0'};

#ifdef __CLASSIC_C__
int main(argc, argv) int argc; char *argv[];
#else
int main(int argc, char *argv[])
#endif
{
  int require = 0;
  require += info_size[argc];
  (void)argv;
  return require;
}


Determining if the function dladdr exists failed with the following output:
Change Dir: /disk1/plk/flashlight/flashlight/lib/sequence/criterion/cpu/myviterbi/CMakeFiles/CMakeTmp

Run Build Command(s):/usr/bin/make cmTC_13f58/fast && /usr/bin/make -f CMakeFiles/cmTC_13f58.dir/build.make CMakeFiles/cmTC_13f58.dir/build
make[1]: Entering directory '/disk1/plk/flashlight/flashlight/lib/sequence/criterion/cpu/myviterbi/CMakeFiles/CMakeTmp'
Building C object CMakeFiles/cmTC_13f58.dir/CheckFunctionExists.c.o
/usr/bin/cc   -DCHECK_FUNCTION_EXISTS=dladdr   -o CMakeFiles/cmTC_13f58.dir/CheckFunctionExists.c.o   -c /usr/share/cmake-3.16/Modules/CheckFunctionExists.c
Linking C executable cmTC_13f58
/usr/bin/cmake -E cmake_link_script CMakeFiles/cmTC_13f58.dir/link.txt --verbose=1
/usr/bin/cc  -DCHECK_FUNCTION_EXISTS=dladdr    -rdynamic CMakeFiles/cmTC_13f58.dir/CheckFunctionExists.c.o  -o cmTC_13f58 
/usr/bin/ld: CMakeFiles/cmTC_13f58.dir/CheckFunctionExists.c.o: in function `main':
CheckFunctionExists.c:(.text+0x14): undefined reference to `dladdr'
collect2: error: ld returned 1 exit status
make[1]: *** [CMakeFiles/cmTC_13f58.dir/build.make:87: cmTC_13f58] Error 1
make[1]: Leaving directory '/disk1/plk/flashlight/flashlight/lib/sequence/criterion/cpu/myviterbi/CMakeFiles/CMakeTmp'
make: *** [Makefile:121: cmTC_13f58/fast] Error 2



Performing C++ SOURCE FILE Test HAVE_NO_UNNAMED_TYPE_TEMPLATE_ARGS failed with the following output:
Change Dir: /disk1/plk/flashlight/flashlight/lib/sequence/criterion/cpu/myviterbi/CMakeFiles/CMakeTmp

Run Build Command(s):/usr/bin/make cmTC_021f6/fast && /usr/bin/make -f CMakeFiles/cmTC_021f6.dir/build.make CMakeFiles/cmTC_021f6.dir/build
make[1]: Entering directory '/disk1/plk/flashlight/flashlight/lib/sequence/criterion/cpu/myviterbi/CMakeFiles/CMakeTmp'
Building CXX object CMakeFiles/cmTC_021f6.dir/src.cxx.o
/usr/bin/c++    -std=c++14 -pthread -fPIC -DHAVE_NO_UNNAMED_TYPE_TEMPLATE_ARGS   -Wunnamed-type-template-args -o CMakeFiles/cmTC_021f6.dir/src.cxx.o -c /disk1/plk/flashlight/flashlight/lib/sequence/criterion/cpu/myviterbi/CMakeFiles/CMakeTmp/src.cxx
c++: error: unrecognized command line option '-Wunnamed-type-template-args'
make[1]: *** [CMakeFiles/cmTC_021f6.dir/build.make:66: CMakeFiles/cmTC_021f6.dir/src.cxx.o] Error 1
make[1]: Leaving directory '/disk1/plk/flashlight/flashlight/lib/sequence/criterion/cpu/myviterbi/CMakeFiles/CMakeTmp'
make: *** [Makefile:121: cmTC_021f6/fast] Error 2


Source file was:
int main() { return 0; }
Determining if the function get_static_proc_name exists in the unwind failed with the following output:
Change Dir: /disk1/plk/flashlight/flashlight/lib/sequence/criterion/cpu/myviterbi/CMakeFiles/CMakeTmp

Run Build Command(s):/usr/bin/make cmTC_51e7c/fast && /usr/bin/make -f CMakeFiles/cmTC_51e7c.dir/build.make CMakeFiles/cmTC_51e7c.dir/build
make[1]: Entering directory '/disk1/plk/flashlight/flashlight/lib/sequence/criterion/cpu/myviterbi/CMakeFiles/CMakeTmp'
Building C object CMakeFiles/cmTC_51e7c.dir/CheckFunctionExists.c.o
/usr/bin/cc   -DCHECK_FUNCTION_EXISTS=get_static_proc_name   -o CMakeFiles/cmTC_51e7c.dir/CheckFunctionExists.c.o   -c /usr/share/cmake-3.16/Modules/CheckFunctionExists.c
Linking C executable cmTC_51e7c
/usr/bin/cmake -E cmake_link_script CMakeFiles/cmTC_51e7c.dir/link.txt --verbose=1
/usr/bin/cc  -DCHECK_FUNCTION_EXISTS=get_static_proc_name    -rdynamic CMakeFiles/cmTC_51e7c.dir/CheckFunctionExists.c.o  -o cmTC_51e7c  -lunwind 
/usr/bin/ld: cannot find -lunwind
collect2: error: ld returned 1 exit status
make[1]: *** [CMakeFiles/cmTC_51e7c.dir/build.make:87: cmTC_51e7c] Error 1
make[1]: Leaving directory '/disk1/plk/flashlight/flashlight/lib/sequence/criterion/cpu/myviterbi/CMakeFiles/CMakeTmp'
make: *** [Makefile:121: cmTC_51e7c/fast] Error 2



Determining if the function UnDecorateSymbolName exists in the dbghelp failed with the following output:
Change Dir: /disk1/plk/flashlight/flashlight/lib/sequence/criterion/cpu/myviterbi/CMakeFiles/CMakeTmp

Run Build Command(s):/usr/bin/make cmTC_4b8eb/fast && /usr/bin/make -f CMakeFiles/cmTC_4b8eb.dir/build.make CMakeFiles/cmTC_4b8eb.dir/build
make[1]: Entering directory '/disk1/plk/flashlight/flashlight/lib/sequence/criterion/cpu/myviterbi/CMakeFiles/CMakeTmp'
Building C object CMakeFiles/cmTC_4b8eb.dir/CheckFunctionExists.c.o
/usr/bin/cc   -DCHECK_FUNCTION_EXISTS=UnDecorateSymbolName   -o CMakeFiles/cmTC_4b8eb.dir/CheckFunctionExists.c.o   -c /usr/share/cmake-3.16/Modules/CheckFunctionExists.c
Linking C executable cmTC_4b8eb
/usr/bin/cmake -E cmake_link_script CMakeFiles/cmTC_4b8eb.dir/link.txt --verbose=1
/usr/bin/cc  -DCHECK_FUNCTION_EXISTS=UnDecorateSymbolName    -rdynamic CMakeFiles/cmTC_4b8eb.dir/CheckFunctionExists.c.o  -o cmTC_4b8eb  -ldbghelp 
/usr/bin/ld: cannot find -ldbghelp
collect2: error: ld returned 1 exit status
make[1]: *** [CMakeFiles/cmTC_4b8eb.dir/build.make:87: cmTC_4b8eb] Error 1
make[1]: Leaving directory '/disk1/plk/flashlight/flashlight/lib/sequence/criterion/cpu/myviterbi/CMakeFiles/CMakeTmp'
make: *** [Makefile:121: cmTC_4b8eb/fast] Error 2



Performing C SOURCE FILE Test HAVE_RWLOCK failed with the following output:
Change Dir: /disk1/plk/flashlight/flashlight/lib/sequence/criterion/cpu/myviterbi/CMakeFiles/CMakeTmp

Run Build Command(s):/usr/bin/make cmTC_d0d9b/fast && /usr/bin/make -f CMakeFiles/cmTC_d0d9b.dir/build.make CMakeFiles/cmTC_d0d9b.dir/build
make[1]: Entering directory '/disk1/plk/flashlight/flashlight/lib/sequence/criterion/cpu/myviterbi/CMakeFiles/CMakeTmp'
Building C object CMakeFiles/cmTC_d0d9b.dir/src.c.o
/usr/bin/cc   -DHAVE_RWLOCK   -o CMakeFiles/cmTC_d0d9b.dir/src.c.o   -c /disk1/plk/flashlight/flashlight/lib/sequence/criterion/cpu/myviterbi/CMakeFiles/CMakeTmp/src.c
Linking C executable cmTC_d0d9b
/usr/bin/cmake -E cmake_link_script CMakeFiles/cmTC_d0d9b.dir/link.txt --verbose=1
/usr/bin/cc  -DHAVE_RWLOCK    -rdynamic CMakeFiles/cmTC_d0d9b.dir/src.c.o  -o cmTC_d0d9b 
/usr/bin/ld: CMakeFiles/cmTC_d0d9b.dir/src.c.o: in function `main':
src.c:(.text+0x28): undefined reference to `pthread_rwlock_init'
/usr/bin/ld: src.c:(.text+0x34): undefined reference to `pthread_rwlock_rdlock'
collect2: error: ld returned 1 exit status
make[1]: *** [CMakeFiles/cmTC_d0d9b.dir/build.make:87: cmTC_d0d9b] Error 1
make[1]: Leaving directory '/disk1/plk/flashlight/flashlight/lib/sequence/criterion/cpu/myviterbi/CMakeFiles/CMakeTmp'
make: *** [Makefile:121: cmTC_d0d9b/fast] Error 2


Source file was:

#define _XOPEN_SOURCE 500
#include <pthread.h>
int main(void)
{
  pthread_rwlock_t l;
  pthread_rwlock_init(&l, NULL);
  pthread_rwlock_rdlock(&l);
  return 0;
}

Performing C SOURCE FILE Test HAVE___DECLSPEC failed with the following output:
Change Dir: /disk1/plk/flashlight/flashlight/lib/sequence/criterion/cpu/myviterbi/CMakeFiles/CMakeTmp

Run Build Command(s):/usr/bin/make cmTC_f22c7/fast && /usr/bin/make -f CMakeFiles/cmTC_f22c7.dir/build.make CMakeFiles/cmTC_f22c7.dir/build
make[1]: Entering directory '/disk1/plk/flashlight/flashlight/lib/sequence/criterion/cpu/myviterbi/CMakeFiles/CMakeTmp'
Building C object CMakeFiles/cmTC_f22c7.dir/src.c.o
/usr/bin/cc   -DHAVE___DECLSPEC   -o CMakeFiles/cmTC_f22c7.dir/src.c.o   -c /disk1/plk/flashlight/flashlight/lib/sequence/criterion/cpu/myviterbi/CMakeFiles/CMakeTmp/src.c
/disk1/plk/flashlight/flashlight/lib/sequence/criterion/cpu/myviterbi/CMakeFiles/CMakeTmp/src.c:2:1: warning: return type defaults to ‘int’ [-Wimplicit-int]
    2 | __declspec(selectany) int a;
      | ^~~~~~~~~~
/disk1/plk/flashlight/flashlight/lib/sequence/criterion/cpu/myviterbi/CMakeFiles/CMakeTmp/src.c: In function ‘__declspec’:
/disk1/plk/flashlight/flashlight/lib/sequence/criterion/cpu/myviterbi/CMakeFiles/CMakeTmp/src.c:3:16: error: expected ‘=’, ‘,’, ‘;’, ‘asm’ or ‘__attribute__’ before ‘{’ token
    3 | int main(void) { return 0; }
      |                ^
/disk1/plk/flashlight/flashlight/lib/sequence/criterion/cpu/myviterbi/CMakeFiles/CMakeTmp/src.c:2:1: warning: type of ‘selectany’ defaults to ‘int’ [-Wimplicit-int]
    2 | __declspec(selectany) int a;
      | ^~~~~~~~~~
/disk1/plk/flashlight/flashlight/lib/sequence/criterion/cpu/myviterbi/CMakeFiles/CMakeTmp/src.c:2:27: error: declaration for parameter ‘a’ but no such parameter
    2 | __declspec(selectany) int a;
      |                           ^
/disk1/plk/flashlight/flashlight/lib/sequence/criterion/cpu/myviterbi/CMakeFiles/CMakeTmp/src.c:4: error: expected ‘{’ at end of input
    4 | 
      | 
make[1]: *** [CMakeFiles/cmTC_f22c7.dir/build.make:66: CMakeFiles/cmTC_f22c7.dir/src.c.o] Error 1
make[1]: Leaving directory '/disk1/plk/flashlight/flashlight/lib/sequence/criterion/cpu/myviterbi/CMakeFiles/CMakeTmp'
make: *** [Makefile:121: cmTC_f22c7/fast] Error 2


Source file was:

__declspec(selectany) int a;
int main(void) { return 0; }

Performing C++ SOURCE FILE Test STL_NO_NAMESPACE failed with the following output:
Change Dir: /disk1/plk/flashlight/flashlight/lib/sequence/criterion/cpu/myviterbi/CMakeFiles/CMakeTmp

Run Build Command(s):/usr/bin/make cmTC_e8d83/fast && /usr/bin/make -f CMakeFiles/cmTC_e8d83.dir/build.make CMakeFiles/cmTC_e8d83.dir/build
make[1]: Entering directory '/disk1/plk/flashlight/flashlight/lib/sequence/criterion/cpu/myviterbi/CMakeFiles/CMakeTmp'
Building CXX object CMakeFiles/cmTC_e8d83.dir/src.cxx.o
/usr/bin/c++    -std=c++14 -pthread -fPIC -DSTL_NO_NAMESPACE   -o CMakeFiles/cmTC_e8d83.dir/src.cxx.o -c /disk1/plk/flashlight/flashlight/lib/sequence/criterion/cpu/myviterbi/CMakeFiles/CMakeTmp/src.cxx
/disk1/plk/flashlight/flashlight/lib/sequence/criterion/cpu/myviterbi/CMakeFiles/CMakeTmp/src.cxx:3:1: error: ‘vector’ does not name a type
    3 | vector<int> t; int main() { }
      | ^~~~~~
make[1]: *** [CMakeFiles/cmTC_e8d83.dir/build.make:66: CMakeFiles/cmTC_e8d83.dir/src.cxx.o] Error 1
make[1]: Leaving directory '/disk1/plk/flashlight/flashlight/lib/sequence/criterion/cpu/myviterbi/CMakeFiles/CMakeTmp'
make: *** [Makefile:121: cmTC_e8d83/fast] Error 2


Source file was:

#include <vector>
vector<int> t; int main() { }

Performing C++ SOURCE FILE Test HAVE_MSVC_TLS failed with the following output:
Change Dir: /disk1/plk/flashlight/flashlight/lib/sequence/criterion/cpu/myviterbi/CMakeFiles/CMakeTmp

Run Build Command(s):/usr/bin/make cmTC_359a1/fast && /usr/bin/make -f CMakeFiles/cmTC_359a1.dir/build.make CMakeFiles/cmTC_359a1.dir/build
make[1]: Entering directory '/disk1/plk/flashlight/flashlight/lib/sequence/criterion/cpu/myviterbi/CMakeFiles/CMakeTmp'
Building CXX object CMakeFiles/cmTC_359a1.dir/src.cxx.o
/usr/bin/c++    -std=c++14 -pthread -fPIC -DHAVE_MSVC_TLS   -o CMakeFiles/cmTC_359a1.dir/src.cxx.o -c /disk1/plk/flashlight/flashlight/lib/sequence/criterion/cpu/myviterbi/CMakeFiles/CMakeTmp/src.cxx
/disk1/plk/flashlight/flashlight/lib/sequence/criterion/cpu/myviterbi/CMakeFiles/CMakeTmp/src.cxx:2:11: error: expected constructor, destructor, or type conversion before ‘(’ token
    2 | __declspec(thread) int tls;
      |           ^
make[1]: *** [CMakeFiles/cmTC_359a1.dir/build.make:66: CMakeFiles/cmTC_359a1.dir/src.cxx.o] Error 1
make[1]: Leaving directory '/disk1/plk/flashlight/flashlight/lib/sequence/criterion/cpu/myviterbi/CMakeFiles/CMakeTmp'
make: *** [Makefile:121: cmTC_359a1/fast] Error 2


Source file was:

__declspec(thread) int tls;
int main() { }

Performing C SOURCE FILE Test CMAKE_HAVE_LIBC_PTHREAD failed with the following output:
Change Dir: /home/sait/Workplace/viterbi/CMakeFiles/CMakeTmp

Run Build Command(s):/usr/bin/make -f Makefile cmTC_ed999/fast && /usr/bin/make  -f CMakeFiles/cmTC_ed999.dir/build.make CMakeFiles/cmTC_ed999.dir/build
make[1]: Entering directory '/home/sait/Workplace/viterbi/CMakeFiles/CMakeTmp'
Building C object CMakeFiles/cmTC_ed999.dir/src.c.o
/usr/bin/cc -DCMAKE_HAVE_LIBC_PTHREAD   -o CMakeFiles/cmTC_ed999.dir/src.c.o -c /home/sait/Workplace/viterbi/CMakeFiles/CMakeTmp/src.c
Linking C executable cmTC_ed999
/usr/local/bin/cmake -E cmake_link_script CMakeFiles/cmTC_ed999.dir/link.txt --verbose=1
/usr/bin/cc -rdynamic CMakeFiles/cmTC_ed999.dir/src.c.o -o cmTC_ed999 
/usr/bin/ld: CMakeFiles/cmTC_ed999.dir/src.c.o: in function `main':
src.c:(.text+0x46): undefined reference to `pthread_create'
/usr/bin/ld: src.c:(.text+0x52): undefined reference to `pthread_detach'
/usr/bin/ld: src.c:(.text+0x5e): undefined reference to `pthread_cancel'
/usr/bin/ld: src.c:(.text+0x6f): undefined reference to `pthread_join'
collect2: error: ld returned 1 exit status
make[1]: *** [CMakeFiles/cmTC_ed999.dir/build.make:99: cmTC_ed999] Error 1
make[1]: Leaving directory '/home/sait/Workplace/viterbi/CMakeFiles/CMakeTmp'
make: *** [Makefile:127: cmTC_ed999/fast] Error 2


Source file was:
#include <pthread.h>

static void* test_func(void* data)
{
  return data;
}

int main(void)
{
  pthread_t thread;
  pthread_create(&thread, NULL, test_func, NULL);
  pthread_detach(thread);
  pthread_cancel(thread);
  pthread_join(thread, NULL);
  pthread_atfork(NULL, NULL, NULL);
  pthread_exit(NULL);

  return 0;
}

Determining if the function pthread_create exists in the pthreads failed with the following output:
Change Dir: /home/sait/Workplace/viterbi/CMakeFiles/CMakeTmp

Run Build Command(s):/usr/bin/make -f Makefile cmTC_9e199/fast && /usr/bin/make  -f CMakeFiles/cmTC_9e199.dir/build.make CMakeFiles/cmTC_9e199.dir/build
make[1]: Entering directory '/home/sait/Workplace/viterbi/CMakeFiles/CMakeTmp'
Building C object CMakeFiles/cmTC_9e199.dir/CheckFunctionExists.c.o
/usr/bin/cc   -DCHECK_FUNCTION_EXISTS=pthread_create -o CMakeFiles/cmTC_9e199.dir/CheckFunctionExists.c.o -c /usr/local/share/cmake-3.20/Modules/CheckFunctionExists.c
Linking C executable cmTC_9e199
/usr/local/bin/cmake -E cmake_link_script CMakeFiles/cmTC_9e199.dir/link.txt --verbose=1
/usr/bin/cc  -DCHECK_FUNCTION_EXISTS=pthread_create -rdynamic CMakeFiles/cmTC_9e199.dir/CheckFunctionExists.c.o -o cmTC_9e199  -lpthreads 
/usr/bin/ld: cannot find -lpthreads
collect2: error: ld returned 1 exit status
make[1]: *** [CMakeFiles/cmTC_9e199.dir/build.make:99: cmTC_9e199] Error 1
make[1]: Leaving directory '/home/sait/Workplace/viterbi/CMakeFiles/CMakeTmp'
make: *** [Makefile:127: cmTC_9e199/fast] Error 2



Determining if the include file libunwind.h exists failed with the following output:
Change Dir: /home/sait/Workplace/viterbi/CMakeFiles/CMakeTmp

Run Build Command(s):/usr/bin/make -f Makefile cmTC_9417e/fast && /usr/bin/make  -f CMakeFiles/cmTC_9417e.dir/build.make CMakeFiles/cmTC_9417e.dir/build
make[1]: Entering directory '/home/sait/Workplace/viterbi/CMakeFiles/CMakeTmp'
Building C object CMakeFiles/cmTC_9417e.dir/CheckIncludeFile.c.o
/usr/bin/cc    -o CMakeFiles/cmTC_9417e.dir/CheckIncludeFile.c.o -c /home/sait/Workplace/viterbi/CMakeFiles/CMakeTmp/CheckIncludeFile.c
/home/sait/Workplace/viterbi/CMakeFiles/CMakeTmp/CheckIncludeFile.c:1:10: fatal error: libunwind.h: No such file or directory
 #include <libunwind.h>
          ^~~~~~~~~~~~~
compilation terminated.
make[1]: *** [CMakeFiles/cmTC_9417e.dir/build.make:78: CMakeFiles/cmTC_9417e.dir/CheckIncludeFile.c.o] Error 1
make[1]: Leaving directory '/home/sait/Workplace/viterbi/CMakeFiles/CMakeTmp'
make: *** [Makefile:127: cmTC_9417e/fast] Error 2



Determining size of unsigned __int16 failed with the following output:
Change Dir: /home/sait/Workplace/viterbi/CMakeFiles/CMakeTmp

Run Build Command(s):/usr/bin/make -f Makefile cmTC_b97c9/fast && /usr/bin/make  -f CMakeFiles/cmTC_b97c9.dir/build.make CMakeFiles/cmTC_b97c9.dir/build
make[1]: Entering directory '/home/sait/Workplace/viterbi/CMakeFiles/CMakeTmp'
Building C object CMakeFiles/cmTC_b97c9.dir/HAVE___UINT16.c.o
/usr/bin/cc    -o CMakeFiles/cmTC_b97c9.dir/HAVE___UINT16.c.o -c /home/sait/Workplace/viterbi/CMakeFiles/CheckTypeSize/HAVE___UINT16.c
/home/sait/Workplace/viterbi/CMakeFiles/CheckTypeSize/HAVE___UINT16.c:27:31: error: expected ‘)’ before ‘__int16’
 #define SIZE (sizeof(unsigned __int16))
                     ~         ^~~~~~~
/home/sait/Workplace/viterbi/CMakeFiles/CheckTypeSize/HAVE___UINT16.c:29:12: note: in expansion of macro ‘SIZE’
   ('0' + ((SIZE / 10000)%10)),
            ^~~~
/home/sait/Workplace/viterbi/CMakeFiles/CheckTypeSize/HAVE___UINT16.c:27:31: error: expected ‘)’ before ‘__int16’
 #define SIZE (sizeof(unsigned __int16))
                     ~         ^~~~~~~
/home/sait/Workplace/viterbi/CMakeFiles/CheckTypeSize/HAVE___UINT16.c:30:12: note: in expansion of macro ‘SIZE’
   ('0' + ((SIZE / 1000)%10)),
            ^~~~
/home/sait/Workplace/viterbi/CMakeFiles/CheckTypeSize/HAVE___UINT16.c:27:31: error: expected ‘)’ before ‘__int16’
 #define SIZE (sizeof(unsigned __int16))
                     ~         ^~~~~~~
/home/sait/Workplace/viterbi/CMakeFiles/CheckTypeSize/HAVE___UINT16.c:31:12: note: in expansion of macro ‘SIZE’
   ('0' + ((SIZE / 100)%10)),
            ^~~~
/home/sait/Workplace/viterbi/CMakeFiles/CheckTypeSize/HAVE___UINT16.c:27:31: error: expected ‘)’ before ‘__int16’
 #define SIZE (sizeof(unsigned __int16))
                     ~         ^~~~~~~
/home/sait/Workplace/viterbi/CMakeFiles/CheckTypeSize/HAVE___UINT16.c:32:12: note: in expansion of macro ‘SIZE’
   ('0' + ((SIZE / 10)%10)),
            ^~~~
/home/sait/Workplace/viterbi/CMakeFiles/CheckTypeSize/HAVE___UINT16.c:27:31: error: expected ‘)’ before ‘__int16’
 #define SIZE (sizeof(unsigned __int16))
                     ~         ^~~~~~~
/home/sait/Workplace/viterbi/CMakeFiles/CheckTypeSize/HAVE___UINT16.c:33:12: note: in expansion of macro ‘SIZE’
   ('0' +  (SIZE    % 10)),
            ^~~~
make[1]: *** [CMakeFiles/cmTC_b97c9.dir/build.make:78: CMakeFiles/cmTC_b97c9.dir/HAVE___UINT16.c.o] Error 1
make[1]: Leaving directory '/home/sait/Workplace/viterbi/CMakeFiles/CMakeTmp'
make: *** [Makefile:127: cmTC_b97c9/fast] Error 2


/home/sait/Workplace/viterbi/CMakeFiles/CheckTypeSize/HAVE___UINT16.c:
#include <sys/types.h>
#include <stdint.h>
#include <stddef.h>


#undef KEY
#if defined(__i386)
# define KEY '_','_','i','3','8','6'
#elif defined(__x86_64)
# define KEY '_','_','x','8','6','_','6','4'
#elif defined(__PPC64__)
# define KEY '_','_','P','P','C','6','4','_','_'
#elif defined(__ppc64__)
# define KEY '_','_','p','p','c','6','4','_','_'
#elif defined(__PPC__)
# define KEY '_','_','P','P','C','_','_'
#elif defined(__ppc__)
# define KEY '_','_','p','p','c','_','_'
#elif defined(__aarch64__)
# define KEY '_','_','a','a','r','c','h','6','4','_','_'
#elif defined(__ARM_ARCH_7A__)
# define KEY '_','_','A','R','M','_','A','R','C','H','_','7','A','_','_'
#elif defined(__ARM_ARCH_7S__)
# define KEY '_','_','A','R','M','_','A','R','C','H','_','7','S','_','_'
#endif

#define SIZE (sizeof(unsigned __int16))
static char info_size[] =  {'I', 'N', 'F', 'O', ':', 's','i','z','e','[',
  ('0' + ((SIZE / 10000)%10)),
  ('0' + ((SIZE / 1000)%10)),
  ('0' + ((SIZE / 100)%10)),
  ('0' + ((SIZE / 10)%10)),
  ('0' +  (SIZE    % 10)),
  ']',
#ifdef KEY
  ' ','k','e','y','[', KEY, ']',
#endif
  '\0'};

#ifdef __CLASSIC_C__
int main(argc, argv) int argc; char *argv[];
#else
int main(int argc, char *argv[])
#endif
{
  int require = 0;
  require += info_size[argc];
  (void)argv;
  return require;
}


Determining if the function dladdr exists failed with the following output:
Change Dir: /home/sait/Workplace/viterbi/CMakeFiles/CMakeTmp

Run Build Command(s):/usr/bin/make -f Makefile cmTC_12b58/fast && /usr/bin/make  -f CMakeFiles/cmTC_12b58.dir/build.make CMakeFiles/cmTC_12b58.dir/build
make[1]: Entering directory '/home/sait/Workplace/viterbi/CMakeFiles/CMakeTmp'
Building C object CMakeFiles/cmTC_12b58.dir/CheckFunctionExists.c.o
/usr/bin/cc   -DCHECK_FUNCTION_EXISTS=dladdr -o CMakeFiles/cmTC_12b58.dir/CheckFunctionExists.c.o -c /usr/local/share/cmake-3.20/Modules/CheckFunctionExists.c
Linking C executable cmTC_12b58
/usr/local/bin/cmake -E cmake_link_script CMakeFiles/cmTC_12b58.dir/link.txt --verbose=1
/usr/bin/cc  -DCHECK_FUNCTION_EXISTS=dladdr -rdynamic CMakeFiles/cmTC_12b58.dir/CheckFunctionExists.c.o -o cmTC_12b58 
/usr/bin/ld: CMakeFiles/cmTC_12b58.dir/CheckFunctionExists.c.o: in function `main':
CheckFunctionExists.c:(.text+0x14): undefined reference to `dladdr'
collect2: error: ld returned 1 exit status
make[1]: *** [CMakeFiles/cmTC_12b58.dir/build.make:99: cmTC_12b58] Error 1
make[1]: Leaving directory '/home/sait/Workplace/viterbi/CMakeFiles/CMakeTmp'
make: *** [Makefile:127: cmTC_12b58/fast] Error 2



Performing C++ SOURCE FILE Test HAVE_NO_UNNAMED_TYPE_TEMPLATE_ARGS failed with the following output:
Change Dir: /home/sait/Workplace/viterbi/CMakeFiles/CMakeTmp

Run Build Command(s):/usr/bin/make -f Makefile cmTC_5313c/fast && /usr/bin/make  -f CMakeFiles/cmTC_5313c.dir/build.make CMakeFiles/cmTC_5313c.dir/build
make[1]: Entering directory '/home/sait/Workplace/viterbi/CMakeFiles/CMakeTmp'
Building CXX object CMakeFiles/cmTC_5313c.dir/src.cxx.o
/usr/bin/c++ -DHAVE_NO_UNNAMED_TYPE_TEMPLATE_ARGS  -std=c++14 -pthread -fPIC    -Wunnamed-type-template-args -o CMakeFiles/cmTC_5313c.dir/src.cxx.o -c /home/sait/Workplace/viterbi/CMakeFiles/CMakeTmp/src.cxx
c++: error: unrecognized command line option '-Wunnamed-type-template-args'
make[1]: *** [CMakeFiles/cmTC_5313c.dir/build.make:78: CMakeFiles/cmTC_5313c.dir/src.cxx.o] Error 1
make[1]: Leaving directory '/home/sait/Workplace/viterbi/CMakeFiles/CMakeTmp'
make: *** [Makefile:127: cmTC_5313c/fast] Error 2


Source file was:
int main() { return 0; }
Determining if the function get_static_proc_name exists in the unwind failed with the following output:
Change Dir: /home/sait/Workplace/viterbi/CMakeFiles/CMakeTmp

Run Build Command(s):/usr/bin/make -f Makefile cmTC_c7eb3/fast && /usr/bin/make  -f CMakeFiles/cmTC_c7eb3.dir/build.make CMakeFiles/cmTC_c7eb3.dir/build
make[1]: Entering directory '/home/sait/Workplace/viterbi/CMakeFiles/CMakeTmp'
Building C object CMakeFiles/cmTC_c7eb3.dir/CheckFunctionExists.c.o
/usr/bin/cc   -DCHECK_FUNCTION_EXISTS=get_static_proc_name -o CMakeFiles/cmTC_c7eb3.dir/CheckFunctionExists.c.o -c /usr/local/share/cmake-3.20/Modules/CheckFunctionExists.c
Linking C executable cmTC_c7eb3
/usr/local/bin/cmake -E cmake_link_script CMakeFiles/cmTC_c7eb3.dir/link.txt --verbose=1
/usr/bin/cc  -DCHECK_FUNCTION_EXISTS=get_static_proc_name -rdynamic CMakeFiles/cmTC_c7eb3.dir/CheckFunctionExists.c.o -o cmTC_c7eb3  -lunwind 
/usr/bin/ld: cannot find -lunwind
collect2: error: ld returned 1 exit status
make[1]: *** [CMakeFiles/cmTC_c7eb3.dir/build.make:99: cmTC_c7eb3] Error 1
make[1]: Leaving directory '/home/sait/Workplace/viterbi/CMakeFiles/CMakeTmp'
make: *** [Makefile:127: cmTC_c7eb3/fast] Error 2



Determining if the function UnDecorateSymbolName exists in the dbghelp failed with the following output:
Change Dir: /home/sait/Workplace/viterbi/CMakeFiles/CMakeTmp

Run Build Command(s):/usr/bin/make -f Makefile cmTC_97e1a/fast && /usr/bin/make  -f CMakeFiles/cmTC_97e1a.dir/build.make CMakeFiles/cmTC_97e1a.dir/build
make[1]: Entering directory '/home/sait/Workplace/viterbi/CMakeFiles/CMakeTmp'
Building C object CMakeFiles/cmTC_97e1a.dir/CheckFunctionExists.c.o
/usr/bin/cc   -DCHECK_FUNCTION_EXISTS=UnDecorateSymbolName -o CMakeFiles/cmTC_97e1a.dir/CheckFunctionExists.c.o -c /usr/local/share/cmake-3.20/Modules/CheckFunctionExists.c
Linking C executable cmTC_97e1a
/usr/local/bin/cmake -E cmake_link_script CMakeFiles/cmTC_97e1a.dir/link.txt --verbose=1
/usr/bin/cc  -DCHECK_FUNCTION_EXISTS=UnDecorateSymbolName -rdynamic CMakeFiles/cmTC_97e1a.dir/CheckFunctionExists.c.o -o cmTC_97e1a  -ldbghelp 
/usr/bin/ld: cannot find -ldbghelp
collect2: error: ld returned 1 exit status
make[1]: *** [CMakeFiles/cmTC_97e1a.dir/build.make:99: cmTC_97e1a] Error 1
make[1]: Leaving directory '/home/sait/Workplace/viterbi/CMakeFiles/CMakeTmp'
make: *** [Makefile:127: cmTC_97e1a/fast] Error 2



Performing C SOURCE FILE Test HAVE_RWLOCK failed with the following output:
Change Dir: /home/sait/Workplace/viterbi/CMakeFiles/CMakeTmp

Run Build Command(s):/usr/bin/make -f Makefile cmTC_b7167/fast && /usr/bin/make  -f CMakeFiles/cmTC_b7167.dir/build.make CMakeFiles/cmTC_b7167.dir/build
make[1]: Entering directory '/home/sait/Workplace/viterbi/CMakeFiles/CMakeTmp'
Building C object CMakeFiles/cmTC_b7167.dir/src.c.o
/usr/bin/cc -DHAVE_RWLOCK   -o CMakeFiles/cmTC_b7167.dir/src.c.o -c /home/sait/Workplace/viterbi/CMakeFiles/CMakeTmp/src.c
Linking C executable cmTC_b7167
/usr/local/bin/cmake -E cmake_link_script CMakeFiles/cmTC_b7167.dir/link.txt --verbose=1
/usr/bin/cc -rdynamic CMakeFiles/cmTC_b7167.dir/src.c.o -o cmTC_b7167 
/usr/bin/ld: CMakeFiles/cmTC_b7167.dir/src.c.o: in function `main':
src.c:(.text+0x28): undefined reference to `pthread_rwlock_init'
/usr/bin/ld: src.c:(.text+0x34): undefined reference to `pthread_rwlock_rdlock'
collect2: error: ld returned 1 exit status
make[1]: *** [CMakeFiles/cmTC_b7167.dir/build.make:99: cmTC_b7167] Error 1
make[1]: Leaving directory '/home/sait/Workplace/viterbi/CMakeFiles/CMakeTmp'
make: *** [Makefile:127: cmTC_b7167/fast] Error 2


Source file was:

#define _XOPEN_SOURCE 500
#include <pthread.h>
int main(void)
{
  pthread_rwlock_t l;
  pthread_rwlock_init(&l, NULL);
  pthread_rwlock_rdlock(&l);
  return 0;
}

Performing C SOURCE FILE Test HAVE___DECLSPEC failed with the following output:
Change Dir: /home/sait/Workplace/viterbi/CMakeFiles/CMakeTmp

Run Build Command(s):/usr/bin/make -f Makefile cmTC_8ba64/fast && /usr/bin/make  -f CMakeFiles/cmTC_8ba64.dir/build.make CMakeFiles/cmTC_8ba64.dir/build
make[1]: Entering directory '/home/sait/Workplace/viterbi/CMakeFiles/CMakeTmp'
Building C object CMakeFiles/cmTC_8ba64.dir/src.c.o
/usr/bin/cc -DHAVE___DECLSPEC   -o CMakeFiles/cmTC_8ba64.dir/src.c.o -c /home/sait/Workplace/viterbi/CMakeFiles/CMakeTmp/src.c
/home/sait/Workplace/viterbi/CMakeFiles/CMakeTmp/src.c:2:1: warning: return type defaults to ‘int’ [-Wimplicit-int]
 __declspec(selectany) int a;
 ^~~~~~~~~~
/home/sait/Workplace/viterbi/CMakeFiles/CMakeTmp/src.c: In function ‘__declspec’:
/home/sait/Workplace/viterbi/CMakeFiles/CMakeTmp/src.c:3:16: error: expected ‘=’, ‘,’, ‘;’, ‘asm’ or ‘__attribute__’ before ‘{’ token
 int main(void) { return 0; }
                ^
/home/sait/Workplace/viterbi/CMakeFiles/CMakeTmp/src.c:2:1: warning: type of ‘selectany’ defaults to ‘int’ [-Wimplicit-int]
 __declspec(selectany) int a;
 ^~~~~~~~~~
/home/sait/Workplace/viterbi/CMakeFiles/CMakeTmp/src.c:2:27: error: declaration for parameter ‘a’ but no such parameter
 __declspec(selectany) int a;
                           ^
/home/sait/Workplace/viterbi/CMakeFiles/CMakeTmp/src.c:4: error: expected ‘{’ at end of input
 
 
make[1]: *** [CMakeFiles/cmTC_8ba64.dir/build.make:78: CMakeFiles/cmTC_8ba64.dir/src.c.o] Error 1
make[1]: Leaving directory '/home/sait/Workplace/viterbi/CMakeFiles/CMakeTmp'
make: *** [Makefile:127: cmTC_8ba64/fast] Error 2


Source file was:

__declspec(selectany) int a;
int main(void) { return 0; }

Performing C++ SOURCE FILE Test STL_NO_NAMESPACE failed with the following output:
Change Dir: /home/sait/Workplace/viterbi/CMakeFiles/CMakeTmp

Run Build Command(s):/usr/bin/make -f Makefile cmTC_0d942/fast && /usr/bin/make  -f CMakeFiles/cmTC_0d942.dir/build.make CMakeFiles/cmTC_0d942.dir/build
make[1]: Entering directory '/home/sait/Workplace/viterbi/CMakeFiles/CMakeTmp'
Building CXX object CMakeFiles/cmTC_0d942.dir/src.cxx.o
/usr/bin/c++ -DSTL_NO_NAMESPACE  -std=c++14 -pthread -fPIC  -o CMakeFiles/cmTC_0d942.dir/src.cxx.o -c /home/sait/Workplace/viterbi/CMakeFiles/CMakeTmp/src.cxx
/home/sait/Workplace/viterbi/CMakeFiles/CMakeTmp/src.cxx:3:1: error: ‘vector’ does not name a type
 vector<int> t; int main() { }
 ^~~~~~
make[1]: *** [CMakeFiles/cmTC_0d942.dir/build.make:78: CMakeFiles/cmTC_0d942.dir/src.cxx.o] Error 1
make[1]: Leaving directory '/home/sait/Workplace/viterbi/CMakeFiles/CMakeTmp'
make: *** [Makefile:127: cmTC_0d942/fast] Error 2


Source file was:

#include <vector>
vector<int> t; int main() { }

Performing C++ SOURCE FILE Test HAVE_MSVC_TLS failed with the following output:
Change Dir: /home/sait/Workplace/viterbi/CMakeFiles/CMakeTmp

Run Build Command(s):/usr/bin/make -f Makefile cmTC_356a7/fast && /usr/bin/make  -f CMakeFiles/cmTC_356a7.dir/build.make CMakeFiles/cmTC_356a7.dir/build
make[1]: Entering directory '/home/sait/Workplace/viterbi/CMakeFiles/CMakeTmp'
Building CXX object CMakeFiles/cmTC_356a7.dir/src.cxx.o
/usr/bin/c++ -DHAVE_MSVC_TLS  -std=c++14 -pthread -fPIC  -o CMakeFiles/cmTC_356a7.dir/src.cxx.o -c /home/sait/Workplace/viterbi/CMakeFiles/CMakeTmp/src.cxx
/home/sait/Workplace/viterbi/CMakeFiles/CMakeTmp/src.cxx:2:11: error: expected constructor, destructor, or type conversion before ‘(’ token
 __declspec(thread) int tls;
           ^
make[1]: *** [CMakeFiles/cmTC_356a7.dir/build.make:78: CMakeFiles/cmTC_356a7.dir/src.cxx.o] Error 1
make[1]: Leaving directory '/home/sait/Workplace/viterbi/CMakeFiles/CMakeTmp'
make: *** [Makefile:127: cmTC_356a7/fast] Error 2


Source file was:

__declspec(thread) int tls;
int main() { }

